2025-12-24 00:14:04: Server: SSH-2.0-OpenSSH_9.6p1 Ubuntu-3ubuntu13.14
2025-12-24 00:14:04: Server KEXes: sntrup761x25519-sha512@openssh.com,curve25519-sha256,curve25519-sha256@libssh.org,ecdh-sha2-nistp256,ecdh-sha2-nistp384,ecdh-sha2-nistp521,diffie-hellman-group-exchange-sha256,diffie-hellman-group16-sha512,diffie-hellman-group18-sha512,diffie-hellman-group14-sha256,ext-info-s,kex-strict-s-v00@openssh.com
2025-12-24 00:14:04: Server Host Keys: rsa-sha2-512,rsa-sha2-256,ecdsa-sha2-nistp256,ssh-ed25519
2025-12-24 00:14:04: Chosen Host Key: ssh-ed25519
2025-12-24 00:14:04: Ciphers: chacha20-poly1305@openssh.com,aes128-ctr,aes192-ctr,aes256-ctr,aes128-gcm@openssh.com,aes256-gcm@openssh.com
2025-12-24 00:14:04: MACs: umac-64-etm@openssh.com,umac-128-etm@openssh.com,hmac-sha2-256-etm@openssh.com,hmac-sha2-512-etm@openssh.com,hmac-sha1-etm@openssh.com,umac-64@openssh.com,umac-128@openssh.com,hmac-sha2-256,hmac-sha2-512,hmac-sha1
2025-12-24 00:14:04: Auth: start: publickey
2025-12-24 00:14:04: Auth: publickey: no keys available
2025-12-24 00:14:04: Auth: start: password
2025-12-24 00:14:05: -- Analysis Started by On File Change, After Delay
2025-12-24 00:14:05: L: State File has changed, so re-read it: C:/Users/grabacr/VPSsync/01-WorkspaceSync/modelica-shared/CustomLib/FluidSystemComponents/_gsdata_/_file_state_v4._gs
2025-12-24 00:14:05: L: Reading State File C:/Users/grabacr/VPSsync/01-WorkspaceSync/modelica-shared/CustomLib/FluidSystemComponents/_gsdata_/_file_state_v4._gs
2025-12-24 00:14:06: R: State File has changed, so re-read it: sftp://os3-310-44666.vs.sakura.ne.jp/home/ubuntu/VPSsync/01-WorkspaceSync/modelica-shared/CustomLib/FluidSystemComponents/_gsdata_/_file_state_v4._gs
2025-12-24 00:14:06: R: Reading State File sftp://os3-310-44666.vs.sakura.ne.jp/home/ubuntu/VPSsync/01-WorkspaceSync/modelica-shared/CustomLib/FluidSystemComponents/_gsdata_/_file_state_v4._gs
2025-12-24 00:14:06: /Compressible/Components/ObliqueShock00.mo: L:TimeSize<>; R:TimeSize<>; Conflict: File Modified on Both Sides
2025-12-24 00:14:06: /Compressible/Components/package.order: L:TimeSize<>; R:TimeSize<>; Conflict: File Modified on Both Sides
2025-12-24 00:14:06: Changes: 2, Conflicts: 0, CopyTime: 0, FixState: 0, Errors: 0, All: 6468
2025-12-24 00:14:06: Left to Right: Copy File: 2 
2025-12-24 00:14:06: == Sync Started by On File Change, After Delay
2025-12-24 00:14:06: Start only 2 threads, limited by tasks to run
2025-12-24 00:14:06: ConnectCloned connected to file:///~grabacr/VPSsync/01-WorkspaceSync/modelica-shared/CustomLib/FluidSystemComponents
2025-12-24 00:14:06: ConnectCloned connected to file:///~grabacr/VPSsync/01-WorkspaceSync/modelica-shared/CustomLib/FluidSystemComponents
2025-12-24 00:14:06: Server: SSH-2.0-OpenSSH_9.6p1 Ubuntu-3ubuntu13.14
2025-12-24 00:14:06: Server: SSH-2.0-OpenSSH_9.6p1 Ubuntu-3ubuntu13.14
2025-12-24 00:14:06: Server KEXes: sntrup761x25519-sha512@openssh.com,curve25519-sha256,curve25519-sha256@libssh.org,ecdh-sha2-nistp256,ecdh-sha2-nistp384,ecdh-sha2-nistp521,diffie-hellman-group-exchange-sha256,diffie-hellman-group16-sha512,diffie-hellman-group18-sha512,diffie-hellman-group14-sha256,ext-info-s,kex-strict-s-v00@openssh.com
2025-12-24 00:14:06: Server Host Keys: rsa-sha2-512,rsa-sha2-256,ecdsa-sha2-nistp256,ssh-ed25519
2025-12-24 00:14:06: Chosen Host Key: ssh-ed25519
2025-12-24 00:14:06: Ciphers: chacha20-poly1305@openssh.com,aes128-ctr,aes192-ctr,aes256-ctr,aes128-gcm@openssh.com,aes256-gcm@openssh.com
2025-12-24 00:14:06: MACs: umac-64-etm@openssh.com,umac-128-etm@openssh.com,hmac-sha2-256-etm@openssh.com,hmac-sha2-512-etm@openssh.com,hmac-sha1-etm@openssh.com,umac-64@openssh.com,umac-128@openssh.com,hmac-sha2-256,hmac-sha2-512,hmac-sha1
2025-12-24 00:14:06: Server KEXes: sntrup761x25519-sha512@openssh.com,curve25519-sha256,curve25519-sha256@libssh.org,ecdh-sha2-nistp256,ecdh-sha2-nistp384,ecdh-sha2-nistp521,diffie-hellman-group-exchange-sha256,diffie-hellman-group16-sha512,diffie-hellman-group18-sha512,diffie-hellman-group14-sha256,ext-info-s,kex-strict-s-v00@openssh.com
2025-12-24 00:14:06: Server Host Keys: rsa-sha2-512,rsa-sha2-256,ecdsa-sha2-nistp256,ssh-ed25519
2025-12-24 00:14:06: Chosen Host Key: ssh-ed25519
2025-12-24 00:14:06: Ciphers: chacha20-poly1305@openssh.com,aes128-ctr,aes192-ctr,aes256-ctr,aes128-gcm@openssh.com,aes256-gcm@openssh.com
2025-12-24 00:14:06: MACs: umac-64-etm@openssh.com,umac-128-etm@openssh.com,hmac-sha2-256-etm@openssh.com,hmac-sha2-512-etm@openssh.com,hmac-sha1-etm@openssh.com,umac-64@openssh.com,umac-128@openssh.com,hmac-sha2-256,hmac-sha2-512,hmac-sha1
2025-12-24 00:14:06: Auth: start: publickey
2025-12-24 00:14:06: Auth: publickey: no keys available
2025-12-24 00:14:06: Auth: start: password
2025-12-24 00:14:06: Auth: start: publickey
2025-12-24 00:14:06: Auth: publickey: no keys available
2025-12-24 00:14:06: Auth: start: password
2025-12-24 00:14:07: GsConnectAndSetRoot1 connected to sftp://os3-310-44666.vs.sakura.ne.jp/home/ubuntu/VPSsync/01-WorkspaceSync/modelica-shared/CustomLib/FluidSystemComponents
2025-12-24 00:14:07: GsConnectAndSetRoot1 connected to sftp://os3-310-44666.vs.sakura.ne.jp/home/ubuntu/VPSsync/01-WorkspaceSync/modelica-shared/CustomLib/FluidSystemComponents
2025-12-24 00:14:08: Copy Over 'C:/Users/grabacr/VPSsync/01-WorkspaceSync/modelica-shared/CustomLib/FluidSystemComponents/Compressible/Components/package.order' -> 'sftp://os3-310-44666.vs.sakura.ne.jp/home/ubuntu/VPSsync/01-WorkspaceSync/modelica-shared/CustomLib/FluidSystemComponents/Compressible/Components/package.order' (222)
2025-12-24 00:14:08: Copy Over 'C:/Users/grabacr/VPSsync/01-WorkspaceSync/modelica-shared/CustomLib/FluidSystemComponents/Compressible/Components/ObliqueShock00.mo' -> 'sftp://os3-310-44666.vs.sakura.ne.jp/home/ubuntu/VPSsync/01-WorkspaceSync/modelica-shared/CustomLib/FluidSystemComponents/Compressible/Components/ObliqueShock00.mo' (11,921)
2025-12-24 00:14:08: Save State File C:/Users/grabacr/VPSsync/01-WorkspaceSync/modelica-shared/CustomLib/FluidSystemComponents/_gsdata_/_file_state_v4._gs
2025-12-24 00:14:10: Save State File sftp://os3-310-44666.vs.sakura.ne.jp/home/ubuntu/VPSsync/01-WorkspaceSync/modelica-shared/CustomLib/FluidSystemComponents/_gsdata_/_file_state_v4._gs
2025-12-24 00:14:42: == Sync Complete. Time: 00:00:36, Speed: 5.34 KB/s, OK: 2, Errors: 0
