2025-11-21 16:36:02: Server: SSH-2.0-OpenSSH_9.6p1 Ubuntu-3ubuntu13.14
2025-11-21 16:36:02: Server KEXes: sntrup761x25519-sha512@openssh.com,curve25519-sha256,curve25519-sha256@libssh.org,ecdh-sha2-nistp256,ecdh-sha2-nistp384,ecdh-sha2-nistp521,diffie-hellman-group-exchange-sha256,diffie-hellman-group16-sha512,diffie-hellman-group18-sha512,diffie-hellman-group14-sha256,ext-info-s,kex-strict-s-v00@openssh.com
2025-11-21 16:36:02: Server Host Keys: rsa-sha2-512,rsa-sha2-256,ecdsa-sha2-nistp256,ssh-ed25519
2025-11-21 16:36:02: Chosen Host Key: ssh-ed25519
2025-11-21 16:36:02: Ciphers: chacha20-poly1305@openssh.com,aes128-ctr,aes192-ctr,aes256-ctr,aes128-gcm@openssh.com,aes256-gcm@openssh.com
2025-11-21 16:36:02: MACs: umac-64-etm@openssh.com,umac-128-etm@openssh.com,hmac-sha2-256-etm@openssh.com,hmac-sha2-512-etm@openssh.com,hmac-sha1-etm@openssh.com,umac-64@openssh.com,umac-128@openssh.com,hmac-sha2-256,hmac-sha2-512,hmac-sha1
2025-11-21 16:36:02: Auth: start: publickey
2025-11-21 16:36:02: Auth: publickey: no keys available
2025-11-21 16:36:02: Auth: start: password
2025-11-21 16:36:18: -- Analysis Started by Periodic Timer
2025-11-21 16:36:18: L: Reading State File C:/Users/grabacr/VPSsync/01-WorkspaceSync/modelica-shared/CustomLib/FluidSystemComponents/_gsdata_/_file_state_v4._gs
2025-11-21 16:36:34: R: Reading State File sftp://os3-310-44666.vs.sakura.ne.jp/home/ubuntu/VPSsync/01-WorkspaceSync/modelica-shared/CustomLib/FluidSystemComponents/_gsdata_/_file_state_v4._gs
2025-11-21 16:41:31: Waiting for 19+1(90) sec on verb FXP_READDIR: [receiving data os3-310-44666.vs.sakura.ne.jp:22]: Time out
2025-11-21 16:41:43: Server: SSH-2.0-OpenSSH_9.6p1 Ubuntu-3ubuntu13.14
2025-11-21 16:41:43: Server KEXes: sntrup761x25519-sha512@openssh.com,curve25519-sha256,curve25519-sha256@libssh.org,ecdh-sha2-nistp256,ecdh-sha2-nistp384,ecdh-sha2-nistp521,diffie-hellman-group-exchange-sha256,diffie-hellman-group16-sha512,diffie-hellman-group18-sha512,diffie-hellman-group14-sha256,ext-info-s,kex-strict-s-v00@openssh.com
2025-11-21 16:41:43: Server Host Keys: rsa-sha2-512,rsa-sha2-256,ecdsa-sha2-nistp256,ssh-ed25519
2025-11-21 16:41:43: Chosen Host Key: ssh-ed25519
2025-11-21 16:41:43: Ciphers: chacha20-poly1305@openssh.com,aes128-ctr,aes192-ctr,aes256-ctr,aes128-gcm@openssh.com,aes256-gcm@openssh.com
2025-11-21 16:41:43: MACs: umac-64-etm@openssh.com,umac-128-etm@openssh.com,hmac-sha2-256-etm@openssh.com,hmac-sha2-512-etm@openssh.com,hmac-sha1-etm@openssh.com,umac-64@openssh.com,umac-128@openssh.com,hmac-sha2-256,hmac-sha2-512,hmac-sha1
2025-11-21 16:41:43: Auth: start: publickey
2025-11-21 16:41:43: Auth: publickey: no keys available
2025-11-21 16:41:43: Auth: start: password
2025-11-21 16:41:48: Recovered the connection, continuing operations
2025-11-21 16:46:57: Waiting for 60+2(90) sec on verb FXP_READDIR: [receiving data os3-310-44666.vs.sakura.ne.jp:22]: Time out
2025-11-21 16:46:59: Waiting for 62+4(90) sec on verb FXP_CLOSE: Cannot resolve IP name (bad name or no connection); name=os3-310-44666.vs.sakura.ne.jp; port=22
2025-11-21 16:47:04: Waiting for 67+8(90) sec on verb FXP_OPENDIR: Cannot resolve IP name (bad name or no connection); name=os3-310-44666.vs.sakura.ne.jp; port=22
2025-11-21 16:47:12: Waiting for 75+16(90) sec on verb FXP_REMOVE: Cannot resolve IP name (bad name or no connection); name=os3-310-44666.vs.sakura.ne.jp; port=22
2025-11-21 16:47:29: Error analyzing sftp://os3-310-44666.vs.sakura.ne.jp/home/ubuntu/VPSsync/01-WorkspaceSync/modelica-shared/CustomLib/FluidSystemComponents: Cannot resolve IP name (bad name or no connection); name=os3-310-44666.vs.sakura.ne.jp; port=22
