2025-11-16 23:34:57: Server: SSH-2.0-OpenSSH_9.6p1 Ubuntu-3ubuntu13.14
2025-11-16 23:34:57: Server KEXes: sntrup761x25519-sha512@openssh.com,curve25519-sha256,curve25519-sha256@libssh.org,ecdh-sha2-nistp256,ecdh-sha2-nistp384,ecdh-sha2-nistp521,diffie-hellman-group-exchange-sha256,diffie-hellman-group16-sha512,diffie-hellman-group18-sha512,diffie-hellman-group14-sha256,ext-info-s,kex-strict-s-v00@openssh.com
2025-11-16 23:34:57: Server Host Keys: rsa-sha2-512,rsa-sha2-256,ecdsa-sha2-nistp256,ssh-ed25519
2025-11-16 23:34:57: Chosen Host Key: ssh-ed25519
2025-11-16 23:34:57: Ciphers: chacha20-poly1305@openssh.com,aes128-ctr,aes192-ctr,aes256-ctr,aes128-gcm@openssh.com,aes256-gcm@openssh.com
2025-11-16 23:34:57: MACs: umac-64-etm@openssh.com,umac-128-etm@openssh.com,hmac-sha2-256-etm@openssh.com,hmac-sha2-512-etm@openssh.com,hmac-sha1-etm@openssh.com,umac-64@openssh.com,umac-128@openssh.com,hmac-sha2-256,hmac-sha2-512,hmac-sha1
2025-11-16 23:34:57: Auth: start: publickey
2025-11-16 23:34:57: Auth: publickey: no keys available
2025-11-16 23:34:57: Auth: start: password
2025-11-16 23:34:58: -- Analysis Started by On File Change Incremental
2025-11-16 23:34:58: L: Reading State File C:/Users/grabacr/VPSsync/01-WorkspaceSync/modelica-shared/CustomLib/FluidSystemComponents/_gsdata_/_file_state_v4._gs
2025-11-16 23:34:59: R: Reading State File sftp://os3-310-44666.vs.sakura.ne.jp/home/ubuntu/VPSsync/01-WorkspaceSync/modelica-shared/CustomLib/FluidSystemComponents/_gsdata_/_file_state_v4._gs
2025-11-16 23:35:42: Changes: 42, Conflicts: 0, CopyTime: 0, FixState: 0, Errors: 0, All: 4525
2025-11-16 23:35:42: Left to Right: Copy File: 42 
2025-11-16 23:35:42: == Sync Started by On File Change Incremental
2025-11-16 23:35:42: ConnectCloned connected to file:///~grabacr/VPSsync/01-WorkspaceSync/modelica-shared/CustomLib/FluidSystemComponents
2025-11-16 23:35:42: ConnectCloned connected to file:///~grabacr/VPSsync/01-WorkspaceSync/modelica-shared/CustomLib/FluidSystemComponents
2025-11-16 23:35:42: ConnectCloned connected to file:///~grabacr/VPSsync/01-WorkspaceSync/modelica-shared/CustomLib/FluidSystemComponents
2025-11-16 23:35:43: Server: SSH-2.0-OpenSSH_9.6p1 Ubuntu-3ubuntu13.14
2025-11-16 23:35:43: Server: SSH-2.0-OpenSSH_9.6p1 Ubuntu-3ubuntu13.14
2025-11-16 23:35:43: Server: SSH-2.0-OpenSSH_9.6p1 Ubuntu-3ubuntu13.14
2025-11-16 23:35:43: Server KEXes: sntrup761x25519-sha512@openssh.com,curve25519-sha256,curve25519-sha256@libssh.org,ecdh-sha2-nistp256,ecdh-sha2-nistp384,ecdh-sha2-nistp521,diffie-hellman-group-exchange-sha256,diffie-hellman-group16-sha512,diffie-hellman-group18-sha512,diffie-hellman-group14-sha256,ext-info-s,kex-strict-s-v00@openssh.com
2025-11-16 23:35:43: Server Host Keys: rsa-sha2-512,rsa-sha2-256,ecdsa-sha2-nistp256,ssh-ed25519
2025-11-16 23:35:43: Chosen Host Key: ssh-ed25519
2025-11-16 23:35:43: Ciphers: chacha20-poly1305@openssh.com,aes128-ctr,aes192-ctr,aes256-ctr,aes128-gcm@openssh.com,aes256-gcm@openssh.com
2025-11-16 23:35:43: MACs: umac-64-etm@openssh.com,umac-128-etm@openssh.com,hmac-sha2-256-etm@openssh.com,hmac-sha2-512-etm@openssh.com,hmac-sha1-etm@openssh.com,umac-64@openssh.com,umac-128@openssh.com,hmac-sha2-256,hmac-sha2-512,hmac-sha1
2025-11-16 23:35:43: Server KEXes: sntrup761x25519-sha512@openssh.com,curve25519-sha256,curve25519-sha256@libssh.org,ecdh-sha2-nistp256,ecdh-sha2-nistp384,ecdh-sha2-nistp521,diffie-hellman-group-exchange-sha256,diffie-hellman-group16-sha512,diffie-hellman-group18-sha512,diffie-hellman-group14-sha256,ext-info-s,kex-strict-s-v00@openssh.com
2025-11-16 23:35:43: Server KEXes: sntrup761x25519-sha512@openssh.com,curve25519-sha256,curve25519-sha256@libssh.org,ecdh-sha2-nistp256,ecdh-sha2-nistp384,ecdh-sha2-nistp521,diffie-hellman-group-exchange-sha256,diffie-hellman-group16-sha512,diffie-hellman-group18-sha512,diffie-hellman-group14-sha256,ext-info-s,kex-strict-s-v00@openssh.com
2025-11-16 23:35:43: Server Host Keys: rsa-sha2-512,rsa-sha2-256,ecdsa-sha2-nistp256,ssh-ed25519
2025-11-16 23:35:43: Chosen Host Key: ssh-ed25519
2025-11-16 23:35:43: Server Host Keys: rsa-sha2-512,rsa-sha2-256,ecdsa-sha2-nistp256,ssh-ed25519
2025-11-16 23:35:43: Ciphers: chacha20-poly1305@openssh.com,aes128-ctr,aes192-ctr,aes256-ctr,aes128-gcm@openssh.com,aes256-gcm@openssh.com
2025-11-16 23:35:43: Chosen Host Key: ssh-ed25519
2025-11-16 23:35:43: MACs: umac-64-etm@openssh.com,umac-128-etm@openssh.com,hmac-sha2-256-etm@openssh.com,hmac-sha2-512-etm@openssh.com,hmac-sha1-etm@openssh.com,umac-64@openssh.com,umac-128@openssh.com,hmac-sha2-256,hmac-sha2-512,hmac-sha1
2025-11-16 23:35:43: Ciphers: chacha20-poly1305@openssh.com,aes128-ctr,aes192-ctr,aes256-ctr,aes128-gcm@openssh.com,aes256-gcm@openssh.com
2025-11-16 23:35:43: MACs: umac-64-etm@openssh.com,umac-128-etm@openssh.com,hmac-sha2-256-etm@openssh.com,hmac-sha2-512-etm@openssh.com,hmac-sha1-etm@openssh.com,umac-64@openssh.com,umac-128@openssh.com,hmac-sha2-256,hmac-sha2-512,hmac-sha1
2025-11-16 23:35:43: Auth: start: publickey
2025-11-16 23:35:43: Auth: publickey: no keys available
2025-11-16 23:35:43: Auth: start: password
2025-11-16 23:35:43: Auth: start: publickey
2025-11-16 23:35:43: Auth: publickey: no keys available
2025-11-16 23:35:43: Auth: start: password
2025-11-16 23:35:43: Auth: start: publickey
2025-11-16 23:35:43: Auth: publickey: no keys available
2025-11-16 23:35:43: Auth: start: password
2025-11-16 23:35:44: GsConnectAndSetRoot1 connected to sftp://os3-310-44666.vs.sakura.ne.jp/home/ubuntu/VPSsync/01-WorkspaceSync/modelica-shared/CustomLib/FluidSystemComponents
2025-11-16 23:35:44: GsConnectAndSetRoot1 connected to sftp://os3-310-44666.vs.sakura.ne.jp/home/ubuntu/VPSsync/01-WorkspaceSync/modelica-shared/CustomLib/FluidSystemComponents
2025-11-16 23:35:44: GsConnectAndSetRoot1 connected to sftp://os3-310-44666.vs.sakura.ne.jp/home/ubuntu/VPSsync/01-WorkspaceSync/modelica-shared/CustomLib/FluidSystemComponents
2025-11-16 23:35:44: Copy New 'C:/Users/grabacr/VPSsync/01-WorkspaceSync/modelica-shared/CustomLib/FluidSystemComponents/.git/objects/03/22c0bba79427a7c98307d84c73b5118b1cc883' -> 'sftp://os3-310-44666.vs.sakura.ne.jp/home/ubuntu/VPSsync/01-WorkspaceSync/modelica-shared/CustomLib/FluidSystemComponents/.git/objects/03/22c0bba79427a7c98307d84c73b5118b1cc883' (784)
2025-11-16 23:35:44: Copy New 'C:/Users/grabacr/VPSsync/01-WorkspaceSync/modelica-shared/CustomLib/FluidSystemComponents/.git/objects/0a/59295efcb003e383fa9beab22ed797e07c9b80' -> 'sftp://os3-310-44666.vs.sakura.ne.jp/home/ubuntu/VPSsync/01-WorkspaceSync/modelica-shared/CustomLib/FluidSystemComponents/.git/objects/0a/59295efcb003e383fa9beab22ed797e07c9b80' (764)
2025-11-16 23:35:44: Copy New 'C:/Users/grabacr/VPSsync/01-WorkspaceSync/modelica-shared/CustomLib/FluidSystemComponents/.git/objects/04/771fbe630a3d5bcdab5f7e03813601dcad3e3b' -> 'sftp://os3-310-44666.vs.sakura.ne.jp/home/ubuntu/VPSsync/01-WorkspaceSync/modelica-shared/CustomLib/FluidSystemComponents/.git/objects/04/771fbe630a3d5bcdab5f7e03813601dcad3e3b' (847)
2025-11-16 23:35:44: Copy New 'C:/Users/grabacr/VPSsync/01-WorkspaceSync/modelica-shared/CustomLib/FluidSystemComponents/.git/objects/0d/500880276608f55dd7e5e2b42cd98edf95d94c' -> 'sftp://os3-310-44666.vs.sakura.ne.jp/home/ubuntu/VPSsync/01-WorkspaceSync/modelica-shared/CustomLib/FluidSystemComponents/.git/objects/0d/500880276608f55dd7e5e2b42cd98edf95d94c' (842)
2025-11-16 23:35:44: Copy New 'C:/Users/grabacr/VPSsync/01-WorkspaceSync/modelica-shared/CustomLib/FluidSystemComponents/.git/objects/16/86e9d50348e84b940212a8cb23d378a271614c' -> 'sftp://os3-310-44666.vs.sakura.ne.jp/home/ubuntu/VPSsync/01-WorkspaceSync/modelica-shared/CustomLib/FluidSystemComponents/.git/objects/16/86e9d50348e84b940212a8cb23d378a271614c' (669)
2025-11-16 23:35:44: C:/Users/grabacr/VPSsync/01-WorkspaceSync/modelica-shared/CustomLib/FluidSystemComponents/.git/index: Source file has changed between Analyze and Sync from '[file] size=102,156 accu-time=2025-11-16 23:34:55 attr=Archive,WArchive cktype=0' to 'size=102,408 time=2025-11-16 23:35:01', noted in source file state
2025-11-16 23:35:44: Copy Over 'C:/Users/grabacr/VPSsync/01-WorkspaceSync/modelica-shared/CustomLib/FluidSystemComponents/.git/index' -> 'sftp://os3-310-44666.vs.sakura.ne.jp/home/ubuntu/VPSsync/01-WorkspaceSync/modelica-shared/CustomLib/FluidSystemComponents/.git/index' (102,156)
2025-11-16 23:35:44: Copy New 'C:/Users/grabacr/VPSsync/01-WorkspaceSync/modelica-shared/CustomLib/FluidSystemComponents/.git/objects/12/b7e9674dbc2fa5ea9e8a1ebad17a8991bde713' -> 'sftp://os3-310-44666.vs.sakura.ne.jp/home/ubuntu/VPSsync/01-WorkspaceSync/modelica-shared/CustomLib/FluidSystemComponents/.git/objects/12/b7e9674dbc2fa5ea9e8a1ebad17a8991bde713' (178)
2025-11-16 23:35:45: Copy New 'C:/Users/grabacr/VPSsync/01-WorkspaceSync/modelica-shared/CustomLib/FluidSystemComponents/.git/objects/17/441ef8cf3e0d2e7665986142ebe55d744778ed' -> 'sftp://os3-310-44666.vs.sakura.ne.jp/home/ubuntu/VPSsync/01-WorkspaceSync/modelica-shared/CustomLib/FluidSystemComponents/.git/objects/17/441ef8cf3e0d2e7665986142ebe55d744778ed' (677)
2025-11-16 23:35:45: Copy New 'C:/Users/grabacr/VPSsync/01-WorkspaceSync/modelica-shared/CustomLib/FluidSystemComponents/.git/objects/33/63cf0e7447f20042af74723bbe6eb646641da9' -> 'sftp://os3-310-44666.vs.sakura.ne.jp/home/ubuntu/VPSsync/01-WorkspaceSync/modelica-shared/CustomLib/FluidSystemComponents/.git/objects/33/63cf0e7447f20042af74723bbe6eb646641da9' (2,329)
2025-11-16 23:35:45: Copy New 'C:/Users/grabacr/VPSsync/01-WorkspaceSync/modelica-shared/CustomLib/FluidSystemComponents/.git/objects/34/98addec41ca03132b9c5a30b185dbbe2ca6c2c' -> 'sftp://os3-310-44666.vs.sakura.ne.jp/home/ubuntu/VPSsync/01-WorkspaceSync/modelica-shared/CustomLib/FluidSystemComponents/.git/objects/34/98addec41ca03132b9c5a30b185dbbe2ca6c2c' (845)
2025-11-16 23:35:45: Copy Over 'C:/Users/grabacr/VPSsync/01-WorkspaceSync/modelica-shared/CustomLib/FluidSystemComponents/.git/objects/28/09e0ab95c9591aa52cce7d0855037ecdec81f4' -> 'sftp://os3-310-44666.vs.sakura.ne.jp/home/ubuntu/VPSsync/01-WorkspaceSync/modelica-shared/CustomLib/FluidSystemComponents/.git/objects/28/09e0ab95c9591aa52cce7d0855037ecdec81f4' (96)
2025-11-16 23:35:45: Copy New 'C:/Users/grabacr/VPSsync/01-WorkspaceSync/modelica-shared/CustomLib/FluidSystemComponents/.git/objects/3b/cdb087e016c32a5e472f7532a2ab5d15c3e5ce' -> 'sftp://os3-310-44666.vs.sakura.ne.jp/home/ubuntu/VPSsync/01-WorkspaceSync/modelica-shared/CustomLib/FluidSystemComponents/.git/objects/3b/cdb087e016c32a5e472f7532a2ab5d15c3e5ce' (839)
2025-11-16 23:35:45: Copy New 'C:/Users/grabacr/VPSsync/01-WorkspaceSync/modelica-shared/CustomLib/FluidSystemComponents/.git/objects/45/d90d38fef2147365c7c69460b78d3058190878' -> 'sftp://os3-310-44666.vs.sakura.ne.jp/home/ubuntu/VPSsync/01-WorkspaceSync/modelica-shared/CustomLib/FluidSystemComponents/.git/objects/45/d90d38fef2147365c7c69460b78d3058190878' (839)
2025-11-16 23:35:45: Copy New 'C:/Users/grabacr/VPSsync/01-WorkspaceSync/modelica-shared/CustomLib/FluidSystemComponents/.git/objects/50/188260e0e34301d15b76f1cebcd631b76209f2' -> 'sftp://os3-310-44666.vs.sakura.ne.jp/home/ubuntu/VPSsync/01-WorkspaceSync/modelica-shared/CustomLib/FluidSystemComponents/.git/objects/50/188260e0e34301d15b76f1cebcd631b76209f2' (846)
2025-11-16 23:35:45: Copy Over 'C:/Users/grabacr/VPSsync/01-WorkspaceSync/modelica-shared/CustomLib/FluidSystemComponents/.git/objects/4c/d996562984d514ec6052bef208e851df91c592' -> 'sftp://os3-310-44666.vs.sakura.ne.jp/home/ubuntu/VPSsync/01-WorkspaceSync/modelica-shared/CustomLib/FluidSystemComponents/.git/objects/4c/d996562984d514ec6052bef208e851df91c592' (2,321)
2025-11-16 23:35:45: Copy New 'C:/Users/grabacr/VPSsync/01-WorkspaceSync/modelica-shared/CustomLib/FluidSystemComponents/.git/objects/64/8fb4934c70037a0e7e7215e3c974a737250c60' -> 'sftp://os3-310-44666.vs.sakura.ne.jp/home/ubuntu/VPSsync/01-WorkspaceSync/modelica-shared/CustomLib/FluidSystemComponents/.git/objects/64/8fb4934c70037a0e7e7215e3c974a737250c60' (846)
2025-11-16 23:35:45: Copy Over 'C:/Users/grabacr/VPSsync/01-WorkspaceSync/modelica-shared/CustomLib/FluidSystemComponents/.git/objects/5b/c10dc466bbe8e5fbe28b8b1d4d12cef6abdb2f' -> 'sftp://os3-310-44666.vs.sakura.ne.jp/home/ubuntu/VPSsync/01-WorkspaceSync/modelica-shared/CustomLib/FluidSystemComponents/.git/objects/5b/c10dc466bbe8e5fbe28b8b1d4d12cef6abdb2f' (172)
2025-11-16 23:35:45: Copy New 'C:/Users/grabacr/VPSsync/01-WorkspaceSync/modelica-shared/CustomLib/FluidSystemComponents/.git/objects/66/b732c0ce82c6be6bc656e7ca2afe91458b7290' -> 'sftp://os3-310-44666.vs.sakura.ne.jp/home/ubuntu/VPSsync/01-WorkspaceSync/modelica-shared/CustomLib/FluidSystemComponents/.git/objects/66/b732c0ce82c6be6bc656e7ca2afe91458b7290' (1,054)
2025-11-16 23:35:45: Copy New 'C:/Users/grabacr/VPSsync/01-WorkspaceSync/modelica-shared/CustomLib/FluidSystemComponents/.git/objects/77/56cbd1fd181002b38c6fe57b4e7759b6f8e206' -> 'sftp://os3-310-44666.vs.sakura.ne.jp/home/ubuntu/VPSsync/01-WorkspaceSync/modelica-shared/CustomLib/FluidSystemComponents/.git/objects/77/56cbd1fd181002b38c6fe57b4e7759b6f8e206' (840)
2025-11-16 23:35:45: Copy New 'C:/Users/grabacr/VPSsync/01-WorkspaceSync/modelica-shared/CustomLib/FluidSystemComponents/.git/objects/6d/cca93baa7074cc91493b3be45ba3a15c2a1226' -> 'sftp://os3-310-44666.vs.sakura.ne.jp/home/ubuntu/VPSsync/01-WorkspaceSync/modelica-shared/CustomLib/FluidSystemComponents/.git/objects/6d/cca93baa7074cc91493b3be45ba3a15c2a1226' (839)
2025-11-16 23:35:45: Copy New 'C:/Users/grabacr/VPSsync/01-WorkspaceSync/modelica-shared/CustomLib/FluidSystemComponents/.git/objects/7b/8cab52580485ccf837e44e80ccf221b79d1044' -> 'sftp://os3-310-44666.vs.sakura.ne.jp/home/ubuntu/VPSsync/01-WorkspaceSync/modelica-shared/CustomLib/FluidSystemComponents/.git/objects/7b/8cab52580485ccf837e44e80ccf221b79d1044' (714)
2025-11-16 23:35:45: Copy New 'C:/Users/grabacr/VPSsync/01-WorkspaceSync/modelica-shared/CustomLib/FluidSystemComponents/.git/objects/87/b0a6d263911c4912e5e9457b7b672249bc81a8' -> 'sftp://os3-310-44666.vs.sakura.ne.jp/home/ubuntu/VPSsync/01-WorkspaceSync/modelica-shared/CustomLib/FluidSystemComponents/.git/objects/87/b0a6d263911c4912e5e9457b7b672249bc81a8' (174)
2025-11-16 23:35:46: Copy New 'C:/Users/grabacr/VPSsync/01-WorkspaceSync/modelica-shared/CustomLib/FluidSystemComponents/.git/objects/8e/5a388f6f72bc0e4cae0c6a2eb96435a39a6fb1' -> 'sftp://os3-310-44666.vs.sakura.ne.jp/home/ubuntu/VPSsync/01-WorkspaceSync/modelica-shared/CustomLib/FluidSystemComponents/.git/objects/8e/5a388f6f72bc0e4cae0c6a2eb96435a39a6fb1' (492)
2025-11-16 23:35:46: Copy New 'C:/Users/grabacr/VPSsync/01-WorkspaceSync/modelica-shared/CustomLib/FluidSystemComponents/.git/objects/96/f78edf68246c9413241db10822922aee68a168' -> 'sftp://os3-310-44666.vs.sakura.ne.jp/home/ubuntu/VPSsync/01-WorkspaceSync/modelica-shared/CustomLib/FluidSystemComponents/.git/objects/96/f78edf68246c9413241db10822922aee68a168' (537)
2025-11-16 23:35:46: Copy New 'C:/Users/grabacr/VPSsync/01-WorkspaceSync/modelica-shared/CustomLib/FluidSystemComponents/.git/objects/a2/9a06988568a494219ba7dc38bc3fa10e1b5467' -> 'sftp://os3-310-44666.vs.sakura.ne.jp/home/ubuntu/VPSsync/01-WorkspaceSync/modelica-shared/CustomLib/FluidSystemComponents/.git/objects/a2/9a06988568a494219ba7dc38bc3fa10e1b5467' (678)
2025-11-16 23:35:46: Copy New 'C:/Users/grabacr/VPSsync/01-WorkspaceSync/modelica-shared/CustomLib/FluidSystemComponents/.git/objects/a8/627a285dd9d4366db1c5935d02a4c63f41ddb6' -> 'sftp://os3-310-44666.vs.sakura.ne.jp/home/ubuntu/VPSsync/01-WorkspaceSync/modelica-shared/CustomLib/FluidSystemComponents/.git/objects/a8/627a285dd9d4366db1c5935d02a4c63f41ddb6' (849)
2025-11-16 23:35:46: Copy New 'C:/Users/grabacr/VPSsync/01-WorkspaceSync/modelica-shared/CustomLib/FluidSystemComponents/.git/objects/b0/7e6914a12f14b02e024df777d947c626b088f6' -> 'sftp://os3-310-44666.vs.sakura.ne.jp/home/ubuntu/VPSsync/01-WorkspaceSync/modelica-shared/CustomLib/FluidSystemComponents/.git/objects/b0/7e6914a12f14b02e024df777d947c626b088f6' (843)
2025-11-16 23:35:46: Copy New 'C:/Users/grabacr/VPSsync/01-WorkspaceSync/modelica-shared/CustomLib/FluidSystemComponents/.git/objects/b6/a0501f25967c90433c031cfe649ceee366f89e' -> 'sftp://os3-310-44666.vs.sakura.ne.jp/home/ubuntu/VPSsync/01-WorkspaceSync/modelica-shared/CustomLib/FluidSystemComponents/.git/objects/b6/a0501f25967c90433c031cfe649ceee366f89e' (491)
2025-11-16 23:35:46: Copy New 'C:/Users/grabacr/VPSsync/01-WorkspaceSync/modelica-shared/CustomLib/FluidSystemComponents/.git/objects/b7/4da0d45f5a50e88bcc3d09f30b07ab0da535bb' -> 'sftp://os3-310-44666.vs.sakura.ne.jp/home/ubuntu/VPSsync/01-WorkspaceSync/modelica-shared/CustomLib/FluidSystemComponents/.git/objects/b7/4da0d45f5a50e88bcc3d09f30b07ab0da535bb' (690)
2025-11-16 23:35:46: Copy New 'C:/Users/grabacr/VPSsync/01-WorkspaceSync/modelica-shared/CustomLib/FluidSystemComponents/.git/objects/bb/06a1f5ad11e91ed7affa54b33de65506c75010' -> 'sftp://os3-310-44666.vs.sakura.ne.jp/home/ubuntu/VPSsync/01-WorkspaceSync/modelica-shared/CustomLib/FluidSystemComponents/.git/objects/bb/06a1f5ad11e91ed7affa54b33de65506c75010' (837)
2025-11-16 23:35:46: Copy New 'C:/Users/grabacr/VPSsync/01-WorkspaceSync/modelica-shared/CustomLib/FluidSystemComponents/.git/objects/bf/cedb313fca1a8bc7b21ee53acb408ddba3c6aa' -> 'sftp://os3-310-44666.vs.sakura.ne.jp/home/ubuntu/VPSsync/01-WorkspaceSync/modelica-shared/CustomLib/FluidSystemComponents/.git/objects/bf/cedb313fca1a8bc7b21ee53acb408ddba3c6aa' (847)
2025-11-16 23:35:46: Copy New 'C:/Users/grabacr/VPSsync/01-WorkspaceSync/modelica-shared/CustomLib/FluidSystemComponents/.git/objects/c1/399b5ee9593b85e1ba55ec14eceb4b16bd2a54' -> 'sftp://os3-310-44666.vs.sakura.ne.jp/home/ubuntu/VPSsync/01-WorkspaceSync/modelica-shared/CustomLib/FluidSystemComponents/.git/objects/c1/399b5ee9593b85e1ba55ec14eceb4b16bd2a54' (806)
2025-11-16 23:35:46: Copy New 'C:/Users/grabacr/VPSsync/01-WorkspaceSync/modelica-shared/CustomLib/FluidSystemComponents/.git/objects/c5/adb580d3654e9095629447e299b6ce493d83ae' -> 'sftp://os3-310-44666.vs.sakura.ne.jp/home/ubuntu/VPSsync/01-WorkspaceSync/modelica-shared/CustomLib/FluidSystemComponents/.git/objects/c5/adb580d3654e9095629447e299b6ce493d83ae' (847)
2025-11-16 23:35:46: Copy New 'C:/Users/grabacr/VPSsync/01-WorkspaceSync/modelica-shared/CustomLib/FluidSystemComponents/.git/objects/cc/9eeeca51d1e890eb2c4abfa58092b2b53f86a5' -> 'sftp://os3-310-44666.vs.sakura.ne.jp/home/ubuntu/VPSsync/01-WorkspaceSync/modelica-shared/CustomLib/FluidSystemComponents/.git/objects/cc/9eeeca51d1e890eb2c4abfa58092b2b53f86a5' (785)
2025-11-16 23:35:46: Copy New 'C:/Users/grabacr/VPSsync/01-WorkspaceSync/modelica-shared/CustomLib/FluidSystemComponents/.git/objects/d5/b3cfbc6d7faacfe8d09dd305ba274fec630a6b' -> 'sftp://os3-310-44666.vs.sakura.ne.jp/home/ubuntu/VPSsync/01-WorkspaceSync/modelica-shared/CustomLib/FluidSystemComponents/.git/objects/d5/b3cfbc6d7faacfe8d09dd305ba274fec630a6b' (845)
2025-11-16 23:35:46: Copy New 'C:/Users/grabacr/VPSsync/01-WorkspaceSync/modelica-shared/CustomLib/FluidSystemComponents/.git/objects/db/2065b221a4998cfd92f2193d6ab7d58230c3a5' -> 'sftp://os3-310-44666.vs.sakura.ne.jp/home/ubuntu/VPSsync/01-WorkspaceSync/modelica-shared/CustomLib/FluidSystemComponents/.git/objects/db/2065b221a4998cfd92f2193d6ab7d58230c3a5' (809)
2025-11-16 23:35:46: Copy New 'C:/Users/grabacr/VPSsync/01-WorkspaceSync/modelica-shared/CustomLib/FluidSystemComponents/.git/objects/ee/871ba6492c590a87063872a9621e09b371fe8c' -> 'sftp://os3-310-44666.vs.sakura.ne.jp/home/ubuntu/VPSsync/01-WorkspaceSync/modelica-shared/CustomLib/FluidSystemComponents/.git/objects/ee/871ba6492c590a87063872a9621e09b371fe8c' (935)
2025-11-16 23:35:46: Copy New 'C:/Users/grabacr/VPSsync/01-WorkspaceSync/modelica-shared/CustomLib/FluidSystemComponents/.git/objects/ce/cafa423622f5b68ed88733b308b50eed7697de' -> 'sftp://os3-310-44666.vs.sakura.ne.jp/home/ubuntu/VPSsync/01-WorkspaceSync/modelica-shared/CustomLib/FluidSystemComponents/.git/objects/ce/cafa423622f5b68ed88733b308b50eed7697de' (159,088)
2025-11-16 23:35:47: Copy New 'C:/Users/grabacr/VPSsync/01-WorkspaceSync/modelica-shared/CustomLib/FluidSystemComponents/.git/objects/f6/acab45bb3bf30f47fbd6da034654d605a344eb' -> 'sftp://os3-310-44666.vs.sakura.ne.jp/home/ubuntu/VPSsync/01-WorkspaceSync/modelica-shared/CustomLib/FluidSystemComponents/.git/objects/f6/acab45bb3bf30f47fbd6da034654d605a344eb' (839)
2025-11-16 23:35:47: Copy New 'C:/Users/grabacr/VPSsync/01-WorkspaceSync/modelica-shared/CustomLib/FluidSystemComponents/.git/objects/fa/489af793cc63de8dc5caa1436129d7cbf01899' -> 'sftp://os3-310-44666.vs.sakura.ne.jp/home/ubuntu/VPSsync/01-WorkspaceSync/modelica-shared/CustomLib/FluidSystemComponents/.git/objects/fa/489af793cc63de8dc5caa1436129d7cbf01899' (784)
2025-11-16 23:35:47: Copy Over 'C:/Users/grabacr/VPSsync/01-WorkspaceSync/modelica-shared/CustomLib/FluidSystemComponents/.git/objects/db/30b962afb5b1b1a2ddc7395051c73343839667' -> 'sftp://os3-310-44666.vs.sakura.ne.jp/home/ubuntu/VPSsync/01-WorkspaceSync/modelica-shared/CustomLib/FluidSystemComponents/.git/objects/db/30b962afb5b1b1a2ddc7395051c73343839667' (934)
2025-11-16 23:35:47: Copy New 'C:/Users/grabacr/VPSsync/01-WorkspaceSync/modelica-shared/CustomLib/FluidSystemComponents/.git/objects/fa/ab5093ce4f19666451b77375c9f6c66f3f2f93' -> 'sftp://os3-310-44666.vs.sakura.ne.jp/home/ubuntu/VPSsync/01-WorkspaceSync/modelica-shared/CustomLib/FluidSystemComponents/.git/objects/fa/ab5093ce4f19666451b77375c9f6c66f3f2f93' (670)
2025-11-16 23:35:47: Save State File C:/Users/grabacr/VPSsync/01-WorkspaceSync/modelica-shared/CustomLib/FluidSystemComponents/_gsdata_/_file_state_v4._gs
2025-11-16 23:35:47: Save State File sftp://os3-310-44666.vs.sakura.ne.jp/home/ubuntu/VPSsync/01-WorkspaceSync/modelica-shared/CustomLib/FluidSystemComponents/_gsdata_/_file_state_v4._gs
2025-11-16 23:35:49: == Sync Complete. Time: 00:00:07, Speed: 85.02 KB/s, OK: 42, Errors: 0
