2025-12-30 06:31:37: Server: SSH-2.0-OpenSSH_9.6p1 Ubuntu-3ubuntu13.14
2025-12-30 06:31:37: Server KEXes: sntrup761x25519-sha512@openssh.com,curve25519-sha256,curve25519-sha256@libssh.org,ecdh-sha2-nistp256,ecdh-sha2-nistp384,ecdh-sha2-nistp521,diffie-hellman-group-exchange-sha256,diffie-hellman-group16-sha512,diffie-hellman-group18-sha512,diffie-hellman-group14-sha256,ext-info-s,kex-strict-s-v00@openssh.com
2025-12-30 06:31:37: Server Host Keys: rsa-sha2-512,rsa-sha2-256,ecdsa-sha2-nistp256,ssh-ed25519
2025-12-30 06:31:37: Chosen Host Key: ssh-ed25519
2025-12-30 06:31:37: Ciphers: chacha20-poly1305@openssh.com,aes128-ctr,aes192-ctr,aes256-ctr,aes128-gcm@openssh.com,aes256-gcm@openssh.com
2025-12-30 06:31:37: MACs: umac-64-etm@openssh.com,umac-128-etm@openssh.com,hmac-sha2-256-etm@openssh.com,hmac-sha2-512-etm@openssh.com,hmac-sha1-etm@openssh.com,umac-64@openssh.com,umac-128@openssh.com,hmac-sha2-256,hmac-sha2-512,hmac-sha1
2025-12-30 06:31:37: Auth: start: publickey
2025-12-30 06:31:37: Auth: publickey: no keys available
2025-12-30 06:31:37: Auth: start: password
2025-12-30 06:31:38: == Sync Started by User Command
2025-12-30 06:31:38: ConnectCloned connected to file:///~grabacr/VPSsync/01-WorkspaceSync/modelica-shared/CustomLib/FluidSystemComponents
2025-12-30 06:31:38: ConnectCloned connected to file:///~grabacr/VPSsync/01-WorkspaceSync/modelica-shared/CustomLib/FluidSystemComponents
2025-12-30 06:31:38: ConnectCloned connected to file:///~grabacr/VPSsync/01-WorkspaceSync/modelica-shared/CustomLib/FluidSystemComponents
2025-12-30 06:31:38: Server: SSH-2.0-OpenSSH_9.6p1 Ubuntu-3ubuntu13.14
2025-12-30 06:31:38: Server: SSH-2.0-OpenSSH_9.6p1 Ubuntu-3ubuntu13.14
2025-12-30 06:31:38: Server: SSH-2.0-OpenSSH_9.6p1 Ubuntu-3ubuntu13.14
2025-12-30 06:31:38: Server KEXes: sntrup761x25519-sha512@openssh.com,curve25519-sha256,curve25519-sha256@libssh.org,ecdh-sha2-nistp256,ecdh-sha2-nistp384,ecdh-sha2-nistp521,diffie-hellman-group-exchange-sha256,diffie-hellman-group16-sha512,diffie-hellman-group18-sha512,diffie-hellman-group14-sha256,ext-info-s,kex-strict-s-v00@openssh.com
2025-12-30 06:31:38: Server Host Keys: rsa-sha2-512,rsa-sha2-256,ecdsa-sha2-nistp256,ssh-ed25519
2025-12-30 06:31:38: Chosen Host Key: ssh-ed25519
2025-12-30 06:31:38: Ciphers: chacha20-poly1305@openssh.com,aes128-ctr,aes192-ctr,aes256-ctr,aes128-gcm@openssh.com,aes256-gcm@openssh.com
2025-12-30 06:31:38: Server KEXes: sntrup761x25519-sha512@openssh.com,curve25519-sha256,curve25519-sha256@libssh.org,ecdh-sha2-nistp256,ecdh-sha2-nistp384,ecdh-sha2-nistp521,diffie-hellman-group-exchange-sha256,diffie-hellman-group16-sha512,diffie-hellman-group18-sha512,diffie-hellman-group14-sha256,ext-info-s,kex-strict-s-v00@openssh.com
2025-12-30 06:31:38: MACs: umac-64-etm@openssh.com,umac-128-etm@openssh.com,hmac-sha2-256-etm@openssh.com,hmac-sha2-512-etm@openssh.com,hmac-sha1-etm@openssh.com,umac-64@openssh.com,umac-128@openssh.com,hmac-sha2-256,hmac-sha2-512,hmac-sha1
2025-12-30 06:31:38: Server Host Keys: rsa-sha2-512,rsa-sha2-256,ecdsa-sha2-nistp256,ssh-ed25519
2025-12-30 06:31:38: Chosen Host Key: ssh-ed25519
2025-12-30 06:31:38: Ciphers: chacha20-poly1305@openssh.com,aes128-ctr,aes192-ctr,aes256-ctr,aes128-gcm@openssh.com,aes256-gcm@openssh.com
2025-12-30 06:31:38: MACs: umac-64-etm@openssh.com,umac-128-etm@openssh.com,hmac-sha2-256-etm@openssh.com,hmac-sha2-512-etm@openssh.com,hmac-sha1-etm@openssh.com,umac-64@openssh.com,umac-128@openssh.com,hmac-sha2-256,hmac-sha2-512,hmac-sha1
2025-12-30 06:31:38: Server KEXes: sntrup761x25519-sha512@openssh.com,curve25519-sha256,curve25519-sha256@libssh.org,ecdh-sha2-nistp256,ecdh-sha2-nistp384,ecdh-sha2-nistp521,diffie-hellman-group-exchange-sha256,diffie-hellman-group16-sha512,diffie-hellman-group18-sha512,diffie-hellman-group14-sha256,ext-info-s,kex-strict-s-v00@openssh.com
2025-12-30 06:31:38: Server Host Keys: rsa-sha2-512,rsa-sha2-256,ecdsa-sha2-nistp256,ssh-ed25519
2025-12-30 06:31:38: Chosen Host Key: ssh-ed25519
2025-12-30 06:31:38: Ciphers: chacha20-poly1305@openssh.com,aes128-ctr,aes192-ctr,aes256-ctr,aes128-gcm@openssh.com,aes256-gcm@openssh.com
2025-12-30 06:31:38: MACs: umac-64-etm@openssh.com,umac-128-etm@openssh.com,hmac-sha2-256-etm@openssh.com,hmac-sha2-512-etm@openssh.com,hmac-sha1-etm@openssh.com,umac-64@openssh.com,umac-128@openssh.com,hmac-sha2-256,hmac-sha2-512,hmac-sha1
2025-12-30 06:31:39: Auth: start: publickey
2025-12-30 06:31:39: Auth: start: publickey
2025-12-30 06:31:39: Auth: publickey: no keys available
2025-12-30 06:31:39: Auth: start: password
2025-12-30 06:31:39: Auth: publickey: no keys available
2025-12-30 06:31:39: Auth: start: password
2025-12-30 06:31:39: Auth: start: publickey
2025-12-30 06:31:39: Auth: publickey: no keys available
2025-12-30 06:31:39: Auth: start: password
2025-12-30 06:31:40: GsConnectAndSetRoot1 connected to sftp://os3-310-44666.vs.sakura.ne.jp/home/ubuntu/VPSsync/01-WorkspaceSync/modelica-shared/CustomLib/FluidSystemComponents
2025-12-30 06:31:40: GsConnectAndSetRoot1 connected to sftp://os3-310-44666.vs.sakura.ne.jp/home/ubuntu/VPSsync/01-WorkspaceSync/modelica-shared/CustomLib/FluidSystemComponents
2025-12-30 06:31:40: GsConnectAndSetRoot1 connected to sftp://os3-310-44666.vs.sakura.ne.jp/home/ubuntu/VPSsync/01-WorkspaceSync/modelica-shared/CustomLib/FluidSystemComponents
2025-12-30 06:31:40: /.git/FETCH_HEAD: unresolved conflict results in No Copy
2025-12-30 06:31:40: /MSLfluidWithVisualization/CommonBaseClasses/package.order: unresolved conflict results in No Copy
2025-12-30 06:31:40: /MSLfluidWithVisualization/Examples/package.order: unresolved conflict results in No Copy
2025-12-30 06:31:40: /MSLfluidWithVisualization/Fittings/package.order: unresolved conflict results in No Copy
2025-12-30 06:31:40: /MSLfluidWithVisualization/package.order: unresolved conflict results in No Copy
2025-12-30 06:31:40: /MSLfluidWithVisualization/Fittings/Examples/package.order: unresolved conflict results in No Copy
2025-12-30 06:31:40: /MSLfluidWithVisualization/Fittings/BaseClasses/package.order: unresolved conflict results in No Copy
2025-12-30 06:31:40: /MSLfluidWithVisualization/Sources/package.order: unresolved conflict results in No Copy
2025-12-30 06:31:40: /MSLfluidWithVisualization/Sources/BaseClasses/package.order: unresolved conflict results in No Copy
2025-12-30 06:31:40: /CommonAnyFluid/Examples/EngineeringStudies: unresolved conflict results in No Copy
2025-12-30 06:31:40: /MSLfluidWithVisualization/Vessels/package.order: unresolved conflict results in No Copy
2025-12-30 06:31:40: /MSLfluidWithVisualization/Vessels/Examples/package.order: unresolved conflict results in No Copy
2025-12-30 06:31:40: /CommonAnyFluid/Examples/EngineeringStudies/package.order: unresolved conflict results in No Copy
2025-12-30 06:31:40: /CommonAnyFluid/Examples/EngineeringStudies/package.mo: unresolved conflict results in No Copy
2025-12-30 06:31:40: /CommonAnyFluid/Examples/EngineeringStudies/RectifierByTeslaValves_01.mo: unresolved conflict results in No Copy
2025-12-30 06:31:40: /CommonAnyFluid/Examples/EngineeringStudies/RectifierByTeslaValves_02.mo: unresolved conflict results in No Copy
2025-12-30 06:31:40: /MSLfluidWithVisualization/Vessels/BaseClasses/package.order: unresolved conflict results in No Copy
2025-12-30 06:31:40: Save State File C:/Users/grabacr/VPSsync/01-WorkspaceSync/modelica-shared/CustomLib/FluidSystemComponents/_gsdata_/_file_state_v4._gs
2025-12-30 06:31:41: Save State File sftp://os3-310-44666.vs.sakura.ne.jp/home/ubuntu/VPSsync/01-WorkspaceSync/modelica-shared/CustomLib/FluidSystemComponents/_gsdata_/_file_state_v4._gs
2025-12-30 06:32:30: == Sync Complete. Time: 00:00:52, Speed: 23.21 KB/s, OK: 0, Errors: 0
