2025-11-21 17:09:47: Server: SSH-2.0-OpenSSH_9.6p1 Ubuntu-3ubuntu13.14
2025-11-21 17:09:47: Server KEXes: sntrup761x25519-sha512@openssh.com,curve25519-sha256,curve25519-sha256@libssh.org,ecdh-sha2-nistp256,ecdh-sha2-nistp384,ecdh-sha2-nistp521,diffie-hellman-group-exchange-sha256,diffie-hellman-group16-sha512,diffie-hellman-group18-sha512,diffie-hellman-group14-sha256,ext-info-s,kex-strict-s-v00@openssh.com
2025-11-21 17:09:47: Server Host Keys: rsa-sha2-512,rsa-sha2-256,ecdsa-sha2-nistp256,ssh-ed25519
2025-11-21 17:09:47: Chosen Host Key: ssh-ed25519
2025-11-21 17:09:47: Ciphers: chacha20-poly1305@openssh.com,aes128-ctr,aes192-ctr,aes256-ctr,aes128-gcm@openssh.com,aes256-gcm@openssh.com
2025-11-21 17:09:47: MACs: umac-64-etm@openssh.com,umac-128-etm@openssh.com,hmac-sha2-256-etm@openssh.com,hmac-sha2-512-etm@openssh.com,hmac-sha1-etm@openssh.com,umac-64@openssh.com,umac-128@openssh.com,hmac-sha2-256,hmac-sha2-512,hmac-sha1
2025-11-21 17:09:48: Auth: start: publickey
2025-11-21 17:09:48: Auth: publickey: no keys available
2025-11-21 17:09:48: Auth: start: password
2025-11-21 17:09:52: -- Analysis Started by On File Change First Full Analyze Upon Folder Connect
2025-11-21 17:09:52: L: Reading State File C:/Users/grabacr/VPSsync/01-WorkspaceSync/modelica-shared/CustomLib/FluidSystemComponents/_gsdata_/_file_state_v4._gs
2025-11-21 17:09:54: Deleted abandoned lock file at sftp://os3-310-44666.vs.sakura.ne.jp/home/ubuntu/VPSsync/01-WorkspaceSync/modelica-shared/CustomLib/FluidSystemComponents
2025-11-21 17:09:55: R: Reading State File sftp://os3-310-44666.vs.sakura.ne.jp/home/ubuntu/VPSsync/01-WorkspaceSync/modelica-shared/CustomLib/FluidSystemComponents/_gsdata_/_file_state_v4._gs
2025-11-21 17:13:23: Waiting for 55+1(90) sec on verb FXP_CLOSE: [receiving data os3-310-44666.vs.sakura.ne.jp:22]: Time out
2025-11-21 17:13:46: Server: SSH-2.0-OpenSSH_9.6p1 Ubuntu-3ubuntu13.14
2025-11-21 17:13:47: Server KEXes: sntrup761x25519-sha512@openssh.com,curve25519-sha256,curve25519-sha256@libssh.org,ecdh-sha2-nistp256,ecdh-sha2-nistp384,ecdh-sha2-nistp521,diffie-hellman-group-exchange-sha256,diffie-hellman-group16-sha512,diffie-hellman-group18-sha512,diffie-hellman-group14-sha256,ext-info-s,kex-strict-s-v00@openssh.com
2025-11-21 17:13:47: Server Host Keys: rsa-sha2-512,rsa-sha2-256,ecdsa-sha2-nistp256,ssh-ed25519
2025-11-21 17:13:47: Chosen Host Key: ssh-ed25519
2025-11-21 17:13:47: Ciphers: chacha20-poly1305@openssh.com,aes128-ctr,aes192-ctr,aes256-ctr,aes128-gcm@openssh.com,aes256-gcm@openssh.com
2025-11-21 17:13:47: MACs: umac-64-etm@openssh.com,umac-128-etm@openssh.com,hmac-sha2-256-etm@openssh.com,hmac-sha2-512-etm@openssh.com,hmac-sha1-etm@openssh.com,umac-64@openssh.com,umac-128@openssh.com,hmac-sha2-256,hmac-sha2-512,hmac-sha1
2025-11-21 17:13:49: Server: SSH-2.0-OpenSSH_9.6p1 Ubuntu-3ubuntu13.14
2025-11-21 17:13:50: Server KEXes: sntrup761x25519-sha512@openssh.com,curve25519-sha256,curve25519-sha256@libssh.org,ecdh-sha2-nistp256,ecdh-sha2-nistp384,ecdh-sha2-nistp521,diffie-hellman-group-exchange-sha256,diffie-hellman-group16-sha512,diffie-hellman-group18-sha512,diffie-hellman-group14-sha256,ext-info-s,kex-strict-s-v00@openssh.com
2025-11-21 17:13:50: Server Host Keys: rsa-sha2-512,rsa-sha2-256,ecdsa-sha2-nistp256,ssh-ed25519
2025-11-21 17:13:50: Chosen Host Key: ssh-ed25519
2025-11-21 17:13:50: Ciphers: chacha20-poly1305@openssh.com,aes128-ctr,aes192-ctr,aes256-ctr,aes128-gcm@openssh.com,aes256-gcm@openssh.com
2025-11-21 17:13:50: MACs: umac-64-etm@openssh.com,umac-128-etm@openssh.com,hmac-sha2-256-etm@openssh.com,hmac-sha2-512-etm@openssh.com,hmac-sha1-etm@openssh.com,umac-64@openssh.com,umac-128@openssh.com,hmac-sha2-256,hmac-sha2-512,hmac-sha1
2025-11-21 17:14:05: Auth: start: publickey
2025-11-21 17:14:05: Auth: publickey: no keys available
2025-11-21 17:14:05: Auth: start: password
2025-11-21 17:14:05: Auth: start: publickey
2025-11-21 17:14:05: Auth: publickey: no keys available
2025-11-21 17:14:05: Auth: start: password
2025-11-21 17:14:07: Recovered the connection, continuing operations
2025-11-21 17:17:35: Waiting for 19+2(90) sec on verb FXP_OPENDIR: [receiving data os3-310-44666.vs.sakura.ne.jp:22]: Time out
2025-11-21 17:17:38: Server: SSH-2.0-OpenSSH_9.6p1 Ubuntu-3ubuntu13.14
2025-11-21 17:17:39: Server KEXes: sntrup761x25519-sha512@openssh.com,curve25519-sha256,curve25519-sha256@libssh.org,ecdh-sha2-nistp256,ecdh-sha2-nistp384,ecdh-sha2-nistp521,diffie-hellman-group-exchange-sha256,diffie-hellman-group16-sha512,diffie-hellman-group18-sha512,diffie-hellman-group14-sha256,ext-info-s,kex-strict-s-v00@openssh.com
2025-11-21 17:17:39: Server Host Keys: rsa-sha2-512,rsa-sha2-256,ecdsa-sha2-nistp256,ssh-ed25519
2025-11-21 17:17:39: Chosen Host Key: ssh-ed25519
2025-11-21 17:17:39: Ciphers: chacha20-poly1305@openssh.com,aes128-ctr,aes192-ctr,aes256-ctr,aes128-gcm@openssh.com,aes256-gcm@openssh.com
2025-11-21 17:17:39: MACs: umac-64-etm@openssh.com,umac-128-etm@openssh.com,hmac-sha2-256-etm@openssh.com,hmac-sha2-512-etm@openssh.com,hmac-sha1-etm@openssh.com,umac-64@openssh.com,umac-128@openssh.com,hmac-sha2-256,hmac-sha2-512,hmac-sha1
2025-11-21 17:17:39: Auth: start: publickey
2025-11-21 17:17:39: Auth: publickey: no keys available
2025-11-21 17:17:39: Auth: start: password
2025-11-21 17:17:41: Recovered the connection, continuing operations
2025-11-21 17:17:41: Error analyzing sftp://os3-310-44666.vs.sakura.ne.jp/home/ubuntu/VPSsync/01-WorkspaceSync/modelica-shared/CustomLib/FluidSystemComponents: [receiving data os3-310-44666.vs.sakura.ne.jp:22]: Time out
