2025-12-21 04:37:24: Server: SSH-2.0-OpenSSH_9.6p1 Ubuntu-3ubuntu13.14
2025-12-21 04:37:24: Server KEXes: sntrup761x25519-sha512@openssh.com,curve25519-sha256,curve25519-sha256@libssh.org,ecdh-sha2-nistp256,ecdh-sha2-nistp384,ecdh-sha2-nistp521,diffie-hellman-group-exchange-sha256,diffie-hellman-group16-sha512,diffie-hellman-group18-sha512,diffie-hellman-group14-sha256,ext-info-s,kex-strict-s-v00@openssh.com
2025-12-21 04:37:24: Server Host Keys: rsa-sha2-512,rsa-sha2-256,ecdsa-sha2-nistp256,ssh-ed25519
2025-12-21 04:37:24: Chosen Host Key: ssh-ed25519
2025-12-21 04:37:24: Ciphers: chacha20-poly1305@openssh.com,aes128-ctr,aes192-ctr,aes256-ctr,aes128-gcm@openssh.com,aes256-gcm@openssh.com
2025-12-21 04:37:24: MACs: umac-64-etm@openssh.com,umac-128-etm@openssh.com,hmac-sha2-256-etm@openssh.com,hmac-sha2-512-etm@openssh.com,hmac-sha1-etm@openssh.com,umac-64@openssh.com,umac-128@openssh.com,hmac-sha2-256,hmac-sha2-512,hmac-sha1
2025-12-21 04:37:24: Auth: start: publickey
2025-12-21 04:37:24: Auth: publickey: no keys available
2025-12-21 04:37:24: Auth: start: password
2025-12-21 04:37:25: -- Analysis Started by On File Change, After Delay
2025-12-21 04:37:25: /CommonAnyFluid: Conflict: New files that differ
2025-12-21 04:37:25: /CommonAnyFluid/BaseClasses: Conflict: New files that differ
2025-12-21 04:37:25: /CommonAnyFluid/BaseClasses/package.order: Conflict: New files that differ
2025-12-21 04:37:25: /CommonAnyFluid/Components: Conflict: New files that differ
2025-12-21 04:37:25: /CommonAnyFluid/Components/package.order: Conflict: New files that differ
2025-12-21 04:37:25: /CommonAnyFluid/Examples: Conflict: New files that differ
2025-12-21 04:37:25: /CommonAnyFluid/Examples/Components: Conflict: New files that differ
2025-12-21 04:37:25: /CommonAnyFluid/Examples/Components/package.order: Conflict: New files that differ
2025-12-21 04:37:25: /CommonAnyFluid/Examples/package.order: Conflict: New files that differ
2025-12-21 04:37:25: /CommonAnyFluid/Examples/Temp: Conflict: New files that differ
2025-12-21 04:37:25: /CommonAnyFluid/Examples/Temp/package.order: Conflict: New files that differ
2025-12-21 04:37:25: /CommonAnyFluid/Examples/Thermodynamics: Conflict: New files that differ
2025-12-21 04:37:25: /CommonAnyFluid/Examples/Thermodynamics/package.order: Conflict: New files that differ
2025-12-21 04:37:25: /CommonAnyFluid/package.order: Conflict: New files that differ
2025-12-21 04:37:25: /CommonAnyFluid/Thermodynamics: Conflict: New files that differ
2025-12-21 04:37:25: /CommonAnyFluid/Thermodynamics/package.order: Conflict: New files that differ
2025-12-21 04:37:25: /Compressible: Conflict: New files that differ
2025-12-21 04:37:25: /Compressible/BaseClasses: Conflict: New files that differ
2025-12-21 04:37:25: /Compressible/BaseClasses/package.order: Conflict: New files that differ
2025-12-21 04:37:25: /Compressible/Components: Conflict: New files that differ
2025-12-21 04:37:25: /Compressible/Components/package.order: Conflict: New files that differ
2025-12-21 04:37:25: /Compressible/Examples: Conflict: New files that differ
2025-12-21 04:37:25: /Compressible/Examples/AssyComponents: Conflict: New files that differ
2025-12-21 04:37:25: /Compressible/Examples/AssyComponents/package.order: Conflict: New files that differ
2025-12-21 04:37:25: /Compressible/Examples/package.order: Conflict: New files that differ
2025-12-21 04:37:25: /Compressible/Examples/Temp: Conflict: New files that differ
2025-12-21 04:37:25: /Compressible/Examples/Temp/package.order: Conflict: New files that differ
2025-12-21 04:37:25: /Compressible/Examples/Test: Conflict: New files that differ
2025-12-21 04:37:25: /Compressible/Examples/Test/package.order: Conflict: New files that differ
2025-12-21 04:37:25: /Compressible/Examples/Tutorial: Conflict: New files that differ
2025-12-21 04:37:25: /Compressible/Examples/Tutorial/MultilayerModels: Conflict: New files that differ
2025-12-21 04:37:25: /Compressible/Examples/Tutorial/MultilayerModels/package.order: Conflict: New files that differ
2025-12-21 04:37:25: /Compressible/Examples/Tutorial/package.order: Conflict: New files that differ
2025-12-21 04:37:25: /Compressible/Function: Conflict: New files that differ
2025-12-21 04:37:25: /Compressible/Function/package.order: Conflict: New files that differ
2025-12-21 04:37:25: /Compressible/package.order: Conflict: New files that differ
2025-12-21 04:37:25: /HeatTransfer: Conflict: New files that differ
2025-12-21 04:37:25: /HeatTransfer/BaseClasses: Conflict: New files that differ
2025-12-21 04:37:25: /HeatTransfer/BaseClasses/package.order: Conflict: New files that differ
2025-12-21 04:37:25: /HeatTransfer/Components: Conflict: New files that differ
2025-12-21 04:37:25: /HeatTransfer/Components/package.order: Conflict: New files that differ
2025-12-21 04:37:25: /HeatTransfer/Components/SubComponents: Conflict: New files that differ
2025-12-21 04:37:25: /HeatTransfer/Components/SubComponents/Examples: Conflict: New files that differ
2025-12-21 04:37:25: /HeatTransfer/Components/SubComponents/Examples/package.order: Conflict: New files that differ
2025-12-21 04:37:25: /HeatTransfer/Components/SubComponents/Examples/Test: Conflict: New files that differ
2025-12-21 04:37:25: /HeatTransfer/Components/SubComponents/Examples/Test/package.order: Conflict: New files that differ
2025-12-21 04:37:25: /HeatTransfer/Components/SubComponents/package.order: Conflict: New files that differ
2025-12-21 04:37:25: /HeatTransfer/Examples: Conflict: New files that differ
2025-12-21 04:37:25: /HeatTransfer/Examples/HeatTransferDevices: Conflict: New files that differ
2025-12-21 04:37:25: /HeatTransfer/Examples/HeatTransferDevices/package.order: Conflict: New files that differ
2025-12-21 04:37:25: /HeatTransfer/Examples/package.order: Conflict: New files that differ
2025-12-21 04:37:25: /HeatTransfer/Examples/test: Conflict: New files that differ
2025-12-21 04:37:25: /HeatTransfer/Examples/test/package.order: Conflict: New files that differ
2025-12-21 04:37:25: /HeatTransfer/package.order: Conflict: New files that differ
2025-12-21 04:37:25: /HydroThermal: Conflict: New files that differ
2025-12-21 04:37:25: /HydroThermal/BaseClasses: Conflict: New files that differ
2025-12-21 04:37:25: /HydroThermal/BaseClasses/package.order: Conflict: New files that differ
2025-12-21 04:37:25: /HydroThermal/Components: Conflict: New files that differ
2025-12-21 04:37:25: /HydroThermal/Components/package.order: Conflict: New files that differ
2025-12-21 04:37:25: /HydroThermal/Examples: Conflict: New files that differ
2025-12-21 04:37:25: /HydroThermal/Examples/ComponentUsage: Conflict: New files that differ
2025-12-21 04:37:25: /HydroThermal/Examples/ComponentUsage/package.order: Conflict: New files that differ
2025-12-21 04:37:25: /HydroThermal/Examples/package.order: Conflict: New files that differ
2025-12-21 04:37:25: /HydroThermal/Examples/Temp: Conflict: New files that differ
2025-12-21 04:37:25: /HydroThermal/Examples/Temp/package.order: Conflict: New files that differ
2025-12-21 04:37:25: /HydroThermal/Examples/Test: Conflict: New files that differ
2025-12-21 04:37:25: /HydroThermal/Examples/Test/package.order: Conflict: New files that differ
2025-12-21 04:37:25: /HydroThermal/Examples/Tutorial: Conflict: New files that differ
2025-12-21 04:37:25: /HydroThermal/Examples/Tutorial/package.order: Conflict: New files that differ
2025-12-21 04:37:25: /HydroThermal/package.order: Conflict: New files that differ
2025-12-21 04:37:25: /InteractiveSimulation: Conflict: New files that differ
2025-12-21 04:37:25: /InteractiveSimulation/Examples: Conflict: New files that differ
2025-12-21 04:37:25: /InteractiveSimulation/Examples/package.order: Conflict: New files that differ
2025-12-21 04:37:25: /InteractiveSimulation/Examples/System: Conflict: New files that differ
2025-12-21 04:37:25: /InteractiveSimulation/Examples/System/package.order: Conflict: New files that differ
2025-12-21 04:37:25: /InteractiveSimulation/Examples/Temp: Conflict: New files that differ
2025-12-21 04:37:25: /InteractiveSimulation/Examples/Temp/package.order: Conflict: New files that differ
2025-12-21 04:37:25: /InteractiveSimulation/Input: Conflict: New files that differ
2025-12-21 04:37:25: /InteractiveSimulation/Input/package.order: Conflict: New files that differ
2025-12-21 04:37:25: /InteractiveSimulation/Output: Conflict: New files that differ
2025-12-21 04:37:25: /InteractiveSimulation/Output/Functions: Conflict: New files that differ
2025-12-21 04:37:25: /InteractiveSimulation/Output/Functions/package.order: Conflict: New files that differ
2025-12-21 04:37:25: /InteractiveSimulation/Output/package.order: Conflict: New files that differ
2025-12-21 04:37:25: /InteractiveSimulation/package.order: Conflict: New files that differ
2025-12-21 04:37:25: /InteractiveSimulation/System: Conflict: New files that differ
2025-12-21 04:37:25: /InteractiveSimulation/System/package.order: Conflict: New files that differ
2025-12-21 04:37:25: /Interfaces: Conflict: New files that differ
2025-12-21 04:37:25: /Interfaces/package.order: Conflict: New files that differ
2025-12-21 04:37:25: /Media: Conflict: New files that differ
2025-12-21 04:37:25: /Media/CoolProp: Conflict: New files that differ
2025-12-21 04:37:25: /Media/CoolProp/Hydrogen: Conflict: New files that differ
2025-12-21 04:37:25: /Media/CoolProp/Hydrogen/package.order: Conflict: New files that differ
2025-12-21 04:37:25: /Media/CoolProp/package.order: Conflict: New files that differ
2025-12-21 04:37:25: /Media/Examples: Conflict: New files that differ
2025-12-21 04:37:25: /Media/Examples/package.order: Conflict: New files that differ
2025-12-21 04:37:25: /Media/Examples/Test: Conflict: New files that differ
2025-12-21 04:37:25: /Media/Examples/Test/package.order: Conflict: New files that differ
2025-12-21 04:37:25: /Media/MixtureGas: Conflict: New files that differ
2025-12-21 04:37:25: /Media/MixtureGas/Mixture_N2O2: Conflict: New files that differ
2025-12-21 04:37:25: /Media/MixtureGas/Mixture_N2O2/package.order: Conflict: New files that differ
2025-12-21 04:37:25: /Media/MixtureGas/package.order: Conflict: New files that differ
2025-12-21 04:37:25: /Media/package.order: Conflict: New files that differ
2025-12-21 04:37:25: /Media/SingleGas: Conflict: New files that differ
2025-12-21 04:37:25: /Media/SingleGas/FluidData: Conflict: New files that differ
2025-12-21 04:37:25: /Media/SingleGas/FluidData/IdealConstAirNASAGlennModel: Conflict: New files that differ
2025-12-21 04:37:25: /Media/SingleGas/FluidData/IdealConstAirNASAGlennModel/package.order: Conflict: New files that differ
2025-12-21 04:37:25: /Media/SingleGas/FluidData/package.order: Conflict: New files that differ
2025-12-21 04:37:25: /Media/SingleGas/IdealConstAirNASAGlennModel: Conflict: New files that differ
2025-12-21 04:37:25: /Media/SingleGas/IdealConstAirNASAGlennModel/package.order: Conflict: New files that differ
2025-12-21 04:37:25: /Media/SingleGas/package.order: Conflict: New files that differ
2025-12-21 04:37:25: /Media/SingleGas/ThermoPropertyData: Conflict: New files that differ
2025-12-21 04:37:25: /Media/SingleGas/ThermoPropertyData/IdealConstAirNASAGlennModel: Conflict: New files that differ
2025-12-21 04:37:25: /Media/SingleGas/ThermoPropertyData/IdealConstAirNASAGlennModel/package.order: Conflict: New files that differ
2025-12-21 04:37:25: /Media/SingleGas/ThermoPropertyData/package.order: Conflict: New files that differ
2025-12-21 04:37:25: /MSLfluidWithVisualization: Conflict: New files that differ
2025-12-21 04:37:25: /MSLfluidWithVisualization/CommonBaseClasses: Conflict: New files that differ
2025-12-21 04:37:25: /MSLfluidWithVisualization/CommonBaseClasses/package.order: Conflict: New files that differ
2025-12-21 04:37:25: /MSLfluidWithVisualization/Examples: Conflict: New files that differ
2025-12-21 04:37:25: /MSLfluidWithVisualization/Examples/package.order: Conflict: New files that differ
2025-12-21 04:37:25: /MSLfluidWithVisualization/Fittings: Conflict: New files that differ
2025-12-21 04:37:25: /MSLfluidWithVisualization/Fittings/BaseClasses: Conflict: New files that differ
2025-12-21 04:37:25: /MSLfluidWithVisualization/Fittings/BaseClasses/package.order: Conflict: New files that differ
2025-12-21 04:37:25: /MSLfluidWithVisualization/Fittings/Examples: Conflict: New files that differ
2025-12-21 04:37:25: /MSLfluidWithVisualization/Fittings/Examples/package.order: Conflict: New files that differ
2025-12-21 04:37:25: /MSLfluidWithVisualization/Fittings/package.order: Conflict: New files that differ
2025-12-21 04:37:25: /MSLfluidWithVisualization/package.order: Conflict: New files that differ
2025-12-21 04:37:25: /MSLfluidWithVisualization/Sources: Conflict: New files that differ
2025-12-21 04:37:25: /MSLfluidWithVisualization/Sources/BaseClasses: Conflict: New files that differ
2025-12-21 04:37:25: /MSLfluidWithVisualization/Sources/BaseClasses/package.order: Conflict: New files that differ
2025-12-21 04:37:25: /MSLfluidWithVisualization/Sources/package.order: Conflict: New files that differ
2025-12-21 04:37:25: /MSLfluidWithVisualization/Vessels: Conflict: New files that differ
2025-12-21 04:37:25: /MSLfluidWithVisualization/Vessels/BaseClasses: Conflict: New files that differ
2025-12-21 04:37:25: /MSLfluidWithVisualization/Vessels/BaseClasses/package.order: Conflict: New files that differ
2025-12-21 04:37:25: /MSLfluidWithVisualization/Vessels/Examples: Conflict: New files that differ
2025-12-21 04:37:25: /MSLfluidWithVisualization/Vessels/Examples/package.order: Conflict: New files that differ
2025-12-21 04:37:25: /MSLfluidWithVisualization/Vessels/package.order: Conflict: New files that differ
2025-12-21 04:37:25: /package.order: Conflict: New files that differ
2025-12-21 04:37:25: /Sensor: Conflict: New files that differ
2025-12-21 04:37:25: /Sensor/Examples: Conflict: New files that differ
2025-12-21 04:37:25: /Sensor/Examples/package.order: Conflict: New files that differ
2025-12-21 04:37:25: /Sensor/icons: Conflict: New files that differ
2025-12-21 04:37:25: /Sensor/icons/package.order: Conflict: New files that differ
2025-12-21 04:37:25: /Sensor/package.order: Conflict: New files that differ
2025-12-21 04:37:25: /Sources: Conflict: New files that differ
2025-12-21 04:37:25: /Sources/Examples: Conflict: New files that differ
2025-12-21 04:37:25: /Sources/Examples/package.order: Conflict: New files that differ
2025-12-21 04:37:25: /Sources/package.order: Conflict: New files that differ
2025-12-21 04:37:25: /Types: Conflict: New files that differ
2025-12-21 04:37:25: /Types/package.order: Conflict: New files that differ
2025-12-21 04:37:25: /Types/Switches: Conflict: New files that differ
2025-12-21 04:37:25: /Types/Switches/package.order: Conflict: New files that differ
2025-12-21 04:37:25: /Utilities: Conflict: New files that differ
2025-12-21 04:37:25: /Utilities/Examples: Conflict: New files that differ
2025-12-21 04:37:25: /Utilities/Examples/package.order: Conflict: New files that differ
2025-12-21 04:37:25: /Utilities/package.order: Conflict: New files that differ
2025-12-21 04:37:25: /Utilities/UnitConversion: Conflict: New files that differ
2025-12-21 04:37:25: /Utilities/UnitConversion/package.order: Conflict: New files that differ
2025-12-21 04:37:25: /Visualizers: Conflict: New files that differ
2025-12-21 04:37:25: /Visualizers/Examples: Conflict: New files that differ
2025-12-21 04:37:25: /Visualizers/Examples/package.order: Conflict: New files that differ
2025-12-21 04:37:25: /Visualizers/package.order: Conflict: New files that differ
2025-12-21 04:37:25: /Visualizers/Types: Conflict: New files that differ
2025-12-21 04:37:25: /Visualizers/Types/package.order: Conflict: New files that differ
2025-12-21 04:37:25: /Interfaces/Examples: Parent folder conflict propagated down to children
2025-12-21 04:37:25: /Interfaces/Examples/package.mo: Parent folder conflict propagated down to children
2025-12-21 04:37:25: /Interfaces/Examples/package.order: Parent folder conflict propagated down to children
2025-12-21 04:37:25: /Interfaces/Examples/portMn2FluidWithMachInput_ex01.mo: Parent folder conflict propagated down to children
2025-12-21 04:37:25: /Interfaces/FluidWithMachOutput2portMn.mo: Parent folder conflict propagated down to children
2025-12-21 04:37:25: /Interfaces/package.mo: Parent folder conflict propagated down to children
2025-12-21 04:37:25: /Interfaces/portMn2FluidWithMachInput.mo: Parent folder conflict propagated down to children
2025-12-21 04:37:25: Analyze has finished with Conflicts. Resolve Conflicts by selecting the correct sync direction, then click Sync
2025-12-21 04:37:25: Changes: 171 (426), Conflicts: 170, CopyTime: 0, FixState: 0, Errors: 0, All: 6061
2025-12-21 04:37:25: Left to Right: Copy File: 1 
2025-12-21 04:37:25: == Sync Started by On File Change, After Delay
2025-12-21 04:37:26: ConnectCloned connected to file:///~grabacr/VPSsync/01-WorkspaceSync/modelica-shared/CustomLib/FluidSystemComponents
2025-12-21 04:37:26: ConnectCloned connected to file:///~grabacr/VPSsync/01-WorkspaceSync/modelica-shared/CustomLib/FluidSystemComponents
2025-12-21 04:37:26: ConnectCloned connected to file:///~grabacr/VPSsync/01-WorkspaceSync/modelica-shared/CustomLib/FluidSystemComponents
2025-12-21 04:37:26: Server: SSH-2.0-OpenSSH_9.6p1 Ubuntu-3ubuntu13.14
2025-12-21 04:37:26: Server: SSH-2.0-OpenSSH_9.6p1 Ubuntu-3ubuntu13.14
2025-12-21 04:37:26: Server: SSH-2.0-OpenSSH_9.6p1 Ubuntu-3ubuntu13.14
2025-12-21 04:37:26: Server KEXes: sntrup761x25519-sha512@openssh.com,curve25519-sha256,curve25519-sha256@libssh.org,ecdh-sha2-nistp256,ecdh-sha2-nistp384,ecdh-sha2-nistp521,diffie-hellman-group-exchange-sha256,diffie-hellman-group16-sha512,diffie-hellman-group18-sha512,diffie-hellman-group14-sha256,ext-info-s,kex-strict-s-v00@openssh.com
2025-12-21 04:37:26: Server KEXes: sntrup761x25519-sha512@openssh.com,curve25519-sha256,curve25519-sha256@libssh.org,ecdh-sha2-nistp256,ecdh-sha2-nistp384,ecdh-sha2-nistp521,diffie-hellman-group-exchange-sha256,diffie-hellman-group16-sha512,diffie-hellman-group18-sha512,diffie-hellman-group14-sha256,ext-info-s,kex-strict-s-v00@openssh.com
2025-12-21 04:37:26: Server KEXes: sntrup761x25519-sha512@openssh.com,curve25519-sha256,curve25519-sha256@libssh.org,ecdh-sha2-nistp256,ecdh-sha2-nistp384,ecdh-sha2-nistp521,diffie-hellman-group-exchange-sha256,diffie-hellman-group16-sha512,diffie-hellman-group18-sha512,diffie-hellman-group14-sha256,ext-info-s,kex-strict-s-v00@openssh.com
2025-12-21 04:37:26: Server Host Keys: rsa-sha2-512,rsa-sha2-256,ecdsa-sha2-nistp256,ssh-ed25519
2025-12-21 04:37:26: Chosen Host Key: ssh-ed25519
2025-12-21 04:37:26: Server Host Keys: rsa-sha2-512,rsa-sha2-256,ecdsa-sha2-nistp256,ssh-ed25519
2025-12-21 04:37:26: Server Host Keys: rsa-sha2-512,rsa-sha2-256,ecdsa-sha2-nistp256,ssh-ed25519
2025-12-21 04:37:26: Ciphers: chacha20-poly1305@openssh.com,aes128-ctr,aes192-ctr,aes256-ctr,aes128-gcm@openssh.com,aes256-gcm@openssh.com
2025-12-21 04:37:26: Chosen Host Key: ssh-ed25519
2025-12-21 04:37:26: Ciphers: chacha20-poly1305@openssh.com,aes128-ctr,aes192-ctr,aes256-ctr,aes128-gcm@openssh.com,aes256-gcm@openssh.com
2025-12-21 04:37:26: MACs: umac-64-etm@openssh.com,umac-128-etm@openssh.com,hmac-sha2-256-etm@openssh.com,hmac-sha2-512-etm@openssh.com,hmac-sha1-etm@openssh.com,umac-64@openssh.com,umac-128@openssh.com,hmac-sha2-256,hmac-sha2-512,hmac-sha1
2025-12-21 04:37:26: Chosen Host Key: ssh-ed25519
2025-12-21 04:37:26: Ciphers: chacha20-poly1305@openssh.com,aes128-ctr,aes192-ctr,aes256-ctr,aes128-gcm@openssh.com,aes256-gcm@openssh.com
2025-12-21 04:37:26: MACs: umac-64-etm@openssh.com,umac-128-etm@openssh.com,hmac-sha2-256-etm@openssh.com,hmac-sha2-512-etm@openssh.com,hmac-sha1-etm@openssh.com,umac-64@openssh.com,umac-128@openssh.com,hmac-sha2-256,hmac-sha2-512,hmac-sha1
2025-12-21 04:37:26: MACs: umac-64-etm@openssh.com,umac-128-etm@openssh.com,hmac-sha2-256-etm@openssh.com,hmac-sha2-512-etm@openssh.com,hmac-sha1-etm@openssh.com,umac-64@openssh.com,umac-128@openssh.com,hmac-sha2-256,hmac-sha2-512,hmac-sha1
2025-12-21 04:37:26: Auth: start: publickey
2025-12-21 04:37:26: Auth: start: publickey
2025-12-21 04:37:26: Auth: publickey: no keys available
2025-12-21 04:37:26: Auth: start: password
2025-12-21 04:37:26: Auth: publickey: no keys available
2025-12-21 04:37:26: Auth: start: password
2025-12-21 04:37:26: Auth: start: publickey
2025-12-21 04:37:26: Auth: publickey: no keys available
2025-12-21 04:37:26: Auth: start: password
2025-12-21 04:37:27: GsConnectAndSetRoot1 connected to sftp://os3-310-44666.vs.sakura.ne.jp/home/ubuntu/VPSsync/01-WorkspaceSync/modelica-shared/CustomLib/FluidSystemComponents
2025-12-21 04:37:27: GsConnectAndSetRoot1 connected to sftp://os3-310-44666.vs.sakura.ne.jp/home/ubuntu/VPSsync/01-WorkspaceSync/modelica-shared/CustomLib/FluidSystemComponents
2025-12-21 04:37:27: GsConnectAndSetRoot1 connected to sftp://os3-310-44666.vs.sakura.ne.jp/home/ubuntu/VPSsync/01-WorkspaceSync/modelica-shared/CustomLib/FluidSystemComponents
2025-12-21 04:37:27: /Compressible: unresolved conflict results in No Copy
2025-12-21 04:37:27: /CommonAnyFluid: unresolved conflict results in No Copy
2025-12-21 04:37:27: /HeatTransfer: unresolved conflict results in No Copy
2025-12-21 04:37:27: /CommonAnyFluid/BaseClasses: unresolved conflict results in No Copy
2025-12-21 04:37:27: /CommonAnyFluid/Components: unresolved conflict results in No Copy
2025-12-21 04:37:27: /CommonAnyFluid/BaseClasses/package.order: unresolved conflict results in No Copy
2025-12-21 04:37:27: /HeatTransfer/BaseClasses: unresolved conflict results in No Copy
2025-12-21 04:37:27: /CommonAnyFluid/Components/package.order: unresolved conflict results in No Copy
2025-12-21 04:37:27: /HeatTransfer/BaseClasses/package.order: unresolved conflict results in No Copy
2025-12-21 04:37:27: /HeatTransfer/Components: unresolved conflict results in No Copy
2025-12-21 04:37:27: /HeatTransfer/Examples: unresolved conflict results in No Copy
2025-12-21 04:37:27: /HeatTransfer/Components/package.order: unresolved conflict results in No Copy
2025-12-21 04:37:27: /HeatTransfer/Components/SubComponents: unresolved conflict results in No Copy
2025-12-21 04:37:27: /HeatTransfer/Examples/HeatTransferDevices: unresolved conflict results in No Copy
2025-12-21 04:37:27: /HeatTransfer/Examples/package.order: unresolved conflict results in No Copy
2025-12-21 04:37:27: /HeatTransfer/Examples/HeatTransferDevices/package.order: unresolved conflict results in No Copy
2025-12-21 04:37:27: /HeatTransfer/Components/SubComponents/Examples: unresolved conflict results in No Copy
2025-12-21 04:37:27: /HeatTransfer/Components/SubComponents/package.order: unresolved conflict results in No Copy
2025-12-21 04:37:27: /HeatTransfer/Examples/test: unresolved conflict results in No Copy
2025-12-21 04:37:27: /HeatTransfer/Components/SubComponents/Examples/package.order: unresolved conflict results in No Copy
2025-12-21 04:37:27: /HeatTransfer/Components/SubComponents/Examples/Test: unresolved conflict results in No Copy
2025-12-21 04:37:27: /HeatTransfer/Examples/test/package.order: unresolved conflict results in No Copy
2025-12-21 04:37:27: /HeatTransfer/package.order: unresolved conflict results in No Copy
2025-12-21 04:37:27: /HeatTransfer/Components/SubComponents/Examples/Test/package.order: unresolved conflict results in No Copy
2025-12-21 04:37:27: /CommonAnyFluid/Examples: unresolved conflict results in No Copy
2025-12-21 04:37:27: /CommonAnyFluid/package.order: unresolved conflict results in No Copy
2025-12-21 04:37:27: /CommonAnyFluid/Thermodynamics: unresolved conflict results in No Copy
2025-12-21 04:37:27: /CommonAnyFluid/Examples/Components: unresolved conflict results in No Copy
2025-12-21 04:37:27: /CommonAnyFluid/Examples/Components/package.order: unresolved conflict results in No Copy
2025-12-21 04:37:27: /CommonAnyFluid/Examples/package.order: unresolved conflict results in No Copy
2025-12-21 04:37:27: /CommonAnyFluid/Thermodynamics/package.order: unresolved conflict results in No Copy
2025-12-21 04:37:27: /CommonAnyFluid/Examples/Temp: unresolved conflict results in No Copy
2025-12-21 04:37:27: /CommonAnyFluid/Examples/Thermodynamics: unresolved conflict results in No Copy
2025-12-21 04:37:27: /CommonAnyFluid/Examples/Temp/package.order: unresolved conflict results in No Copy
2025-12-21 04:37:27: /Compressible/BaseClasses: unresolved conflict results in No Copy
2025-12-21 04:37:27: /CommonAnyFluid/Examples/Thermodynamics/package.order: unresolved conflict results in No Copy
2025-12-21 04:37:27: /Compressible/Components: unresolved conflict results in No Copy
2025-12-21 04:37:27: /Compressible/BaseClasses/package.order: unresolved conflict results in No Copy
2025-12-21 04:37:27: /Compressible/Examples: unresolved conflict results in No Copy
2025-12-21 04:37:27: /Compressible/Components/package.order: unresolved conflict results in No Copy
2025-12-21 04:37:27: /Compressible/Function: unresolved conflict results in No Copy
2025-12-21 04:37:27: /Compressible/Examples/AssyComponents: unresolved conflict results in No Copy
2025-12-21 04:37:27: /Compressible/Examples/package.order: unresolved conflict results in No Copy
2025-12-21 04:37:27: /Compressible/Examples/AssyComponents/package.order: unresolved conflict results in No Copy
2025-12-21 04:37:27: /Compressible/Function/package.order: unresolved conflict results in No Copy
2025-12-21 04:37:27: /Compressible/Examples/Temp: unresolved conflict results in No Copy
2025-12-21 04:37:27: /Compressible/Examples/Test: unresolved conflict results in No Copy
2025-12-21 04:37:27: /Compressible/Examples/Temp/package.order: unresolved conflict results in No Copy
2025-12-21 04:37:27: /Compressible/Examples/Tutorial: unresolved conflict results in No Copy
2025-12-21 04:37:27: /Compressible/Examples/Test/package.order: unresolved conflict results in No Copy
2025-12-21 04:37:27: /Compressible/package.order: unresolved conflict results in No Copy
2025-12-21 04:37:27: /Compressible/Examples/Tutorial/MultilayerModels: unresolved conflict results in No Copy
2025-12-21 04:37:27: /Compressible/Examples/Tutorial/package.order: unresolved conflict results in No Copy
2025-12-21 04:37:27: /Compressible/Examples/Tutorial/MultilayerModels/package.order: unresolved conflict results in No Copy
2025-12-21 04:37:27: /InteractiveSimulation: unresolved conflict results in No Copy
2025-12-21 04:37:27: /HydroThermal: unresolved conflict results in No Copy
2025-12-21 04:37:27: /Interfaces: unresolved conflict results in No Copy
2025-12-21 04:37:27: /Interfaces/Examples: unresolved conflict results in No Copy
2025-12-21 04:37:27: /HydroThermal/BaseClasses: unresolved conflict results in No Copy
2025-12-21 04:37:27: /Interfaces/FluidWithMachOutput2portMn.mo: unresolved conflict results in No Copy
2025-12-21 04:37:27: /Interfaces/Examples/package.mo: unresolved conflict results in No Copy
2025-12-21 04:37:27: /HydroThermal/BaseClasses/package.order: unresolved conflict results in No Copy
2025-12-21 04:37:27: /Interfaces/Examples/package.order: unresolved conflict results in No Copy
2025-12-21 04:37:27: /Interfaces/package.mo: unresolved conflict results in No Copy
2025-12-21 04:37:27: /Interfaces/Examples/portMn2FluidWithMachInput_ex01.mo: unresolved conflict results in No Copy
2025-12-21 04:37:27: /Interfaces/portMn2FluidWithMachInput.mo: unresolved conflict results in No Copy
2025-12-21 04:37:27: /Interfaces/package.order: unresolved conflict results in No Copy
2025-12-21 04:37:27: /HydroThermal/Components: unresolved conflict results in No Copy
2025-12-21 04:37:27: /HydroThermal/Examples: unresolved conflict results in No Copy
2025-12-21 04:37:27: /HydroThermal/Examples/ComponentUsage: unresolved conflict results in No Copy
2025-12-21 04:37:27: /HydroThermal/package.order: unresolved conflict results in No Copy
2025-12-21 04:37:27: /HydroThermal/Examples/ComponentUsage/package.order: unresolved conflict results in No Copy
2025-12-21 04:37:27: /HydroThermal/Examples/package.order: unresolved conflict results in No Copy
2025-12-21 04:37:27: /HydroThermal/Examples/Temp: unresolved conflict results in No Copy
2025-12-21 04:37:27: /HydroThermal/Examples/Test: unresolved conflict results in No Copy
2025-12-21 04:37:27: /HydroThermal/Examples/Temp/package.order: unresolved conflict results in No Copy
2025-12-21 04:37:27: /HydroThermal/Examples/Test/package.order: unresolved conflict results in No Copy
2025-12-21 04:37:27: /HydroThermal/Components/package.order: unresolved conflict results in No Copy
2025-12-21 04:37:27: /HydroThermal/Examples/Tutorial: unresolved conflict results in No Copy
2025-12-21 04:37:27: /HydroThermal/Examples/Tutorial/package.order: unresolved conflict results in No Copy
2025-12-21 04:37:27: /InteractiveSimulation/Examples: unresolved conflict results in No Copy
2025-12-21 04:37:27: /InteractiveSimulation/Input: unresolved conflict results in No Copy
2025-12-21 04:37:27: /InteractiveSimulation/Examples/System: unresolved conflict results in No Copy
2025-12-21 04:37:27: /InteractiveSimulation/Examples/package.order: unresolved conflict results in No Copy
2025-12-21 04:37:27: /InteractiveSimulation/Examples/System/package.order: unresolved conflict results in No Copy
2025-12-21 04:37:27: /InteractiveSimulation/Input/package.order: unresolved conflict results in No Copy
2025-12-21 04:37:27: /InteractiveSimulation/Output: unresolved conflict results in No Copy
2025-12-21 04:37:27: /InteractiveSimulation/Examples/Temp: unresolved conflict results in No Copy
2025-12-21 04:37:27: /InteractiveSimulation/package.order: unresolved conflict results in No Copy
2025-12-21 04:37:27: /InteractiveSimulation/Examples/Temp/package.order: unresolved conflict results in No Copy
2025-12-21 04:37:27: /InteractiveSimulation/Output/package.order: unresolved conflict results in No Copy
2025-12-21 04:37:27: /InteractiveSimulation/Output/Functions: unresolved conflict results in No Copy
2025-12-21 04:37:27: /InteractiveSimulation/Output/Functions/package.order: unresolved conflict results in No Copy
2025-12-21 04:37:27: /InteractiveSimulation/System: unresolved conflict results in No Copy
2025-12-21 04:37:27: /Media: unresolved conflict results in No Copy
2025-12-21 04:37:27: /InteractiveSimulation/System/package.order: unresolved conflict results in No Copy
2025-12-21 04:37:27: /MSLfluidWithVisualization: unresolved conflict results in No Copy
2025-12-21 04:37:27: /Media/CoolProp: unresolved conflict results in No Copy
2025-12-21 04:37:27: /Media/CoolProp/Hydrogen: unresolved conflict results in No Copy
2025-12-21 04:37:27: /Media/Examples: unresolved conflict results in No Copy
2025-12-21 04:37:27: /Media/Examples/package.order: unresolved conflict results in No Copy
2025-12-21 04:37:27: /Media/CoolProp/package.order: unresolved conflict results in No Copy
2025-12-21 04:37:27: /Media/CoolProp/Hydrogen/package.order: unresolved conflict results in No Copy
2025-12-21 04:37:27: /Media/Examples/Test: unresolved conflict results in No Copy
2025-12-21 04:37:27: /Media/Examples/Test/package.order: unresolved conflict results in No Copy
2025-12-21 04:37:27: /MSLfluidWithVisualization/CommonBaseClasses: unresolved conflict results in No Copy
2025-12-21 04:37:27: /MSLfluidWithVisualization/CommonBaseClasses/package.order: unresolved conflict results in No Copy
2025-12-21 04:37:27: /MSLfluidWithVisualization/Examples: unresolved conflict results in No Copy
2025-12-21 04:37:27: /MSLfluidWithVisualization/Examples/package.order: unresolved conflict results in No Copy
2025-12-21 04:37:27: /MSLfluidWithVisualization/Fittings: unresolved conflict results in No Copy
2025-12-21 04:37:27: /MSLfluidWithVisualization/Fittings/BaseClasses: unresolved conflict results in No Copy
2025-12-21 04:37:27: /MSLfluidWithVisualization/package.order: unresolved conflict results in No Copy
2025-12-21 04:37:27: /MSLfluidWithVisualization/Fittings/Examples: unresolved conflict results in No Copy
2025-12-21 04:37:27: /MSLfluidWithVisualization/Fittings/Examples/package.order: unresolved conflict results in No Copy
2025-12-21 04:37:27: /MSLfluidWithVisualization/Fittings/BaseClasses/package.order: unresolved conflict results in No Copy
2025-12-21 04:37:27: /MSLfluidWithVisualization/Sources: unresolved conflict results in No Copy
2025-12-21 04:37:27: /MSLfluidWithVisualization/Fittings/package.order: unresolved conflict results in No Copy
2025-12-21 04:37:27: /MSLfluidWithVisualization/Vessels: unresolved conflict results in No Copy
2025-12-21 04:37:27: /MSLfluidWithVisualization/Sources/package.order: unresolved conflict results in No Copy
2025-12-21 04:37:27: /MSLfluidWithVisualization/Sources/BaseClasses: unresolved conflict results in No Copy
2025-12-21 04:37:27: /MSLfluidWithVisualization/Vessels/Examples: unresolved conflict results in No Copy
2025-12-21 04:37:27: /MSLfluidWithVisualization/Vessels/BaseClasses: unresolved conflict results in No Copy
2025-12-21 04:37:27: /MSLfluidWithVisualization/Vessels/BaseClasses/package.order: unresolved conflict results in No Copy
2025-12-21 04:37:27: /MSLfluidWithVisualization/Sources/BaseClasses/package.order: unresolved conflict results in No Copy
2025-12-21 04:37:27: /MSLfluidWithVisualization/Vessels/package.order: unresolved conflict results in No Copy
2025-12-21 04:37:27: /MSLfluidWithVisualization/Vessels/Examples/package.order: unresolved conflict results in No Copy
2025-12-21 04:37:27: /Media/package.order: unresolved conflict results in No Copy
2025-12-21 04:37:27: /Media/MixtureGas: unresolved conflict results in No Copy
2025-12-21 04:37:27: /Media/SingleGas: unresolved conflict results in No Copy
2025-12-21 04:37:27: /Media/MixtureGas/package.order: unresolved conflict results in No Copy
2025-12-21 04:37:27: /Media/MixtureGas/Mixture_N2O2: unresolved conflict results in No Copy
2025-12-21 04:37:27: /Media/MixtureGas/Mixture_N2O2/package.order: unresolved conflict results in No Copy
2025-12-21 04:37:27: /Media/SingleGas/FluidData: unresolved conflict results in No Copy
2025-12-21 04:37:27: /Media/SingleGas/FluidData/IdealConstAirNASAGlennModel: unresolved conflict results in No Copy
2025-12-21 04:37:27: /Media/SingleGas/IdealConstAirNASAGlennModel: unresolved conflict results in No Copy
2025-12-21 04:37:27: /Media/SingleGas/IdealConstAirNASAGlennModel/package.order: unresolved conflict results in No Copy
2025-12-21 04:37:27: /Media/SingleGas/FluidData/package.order: unresolved conflict results in No Copy
2025-12-21 04:37:27: /Media/SingleGas/package.order: unresolved conflict results in No Copy
2025-12-21 04:37:27: /Media/SingleGas/FluidData/IdealConstAirNASAGlennModel/package.order: unresolved conflict results in No Copy
2025-12-21 04:37:27: /package.order: unresolved conflict results in No Copy
2025-12-21 04:37:27: /Media/SingleGas/ThermoPropertyData: unresolved conflict results in No Copy
2025-12-21 04:37:27: /Media/SingleGas/ThermoPropertyData/IdealConstAirNASAGlennModel: unresolved conflict results in No Copy
2025-12-21 04:37:27: /Sensor: unresolved conflict results in No Copy
2025-12-21 04:37:27: /Sensor/Examples: unresolved conflict results in No Copy
2025-12-21 04:37:27: /Media/SingleGas/ThermoPropertyData/package.order: unresolved conflict results in No Copy
2025-12-21 04:37:27: /Sensor/Examples/package.order: unresolved conflict results in No Copy
2025-12-21 04:37:27: /Sensor/icons: unresolved conflict results in No Copy
2025-12-21 04:37:27: /Sensor/icons/package.order: unresolved conflict results in No Copy
2025-12-21 04:37:27: /Sensor/package.order: unresolved conflict results in No Copy
2025-12-21 04:37:27: /Media/SingleGas/ThermoPropertyData/IdealConstAirNASAGlennModel/package.order: unresolved conflict results in No Copy
2025-12-21 04:37:27: /Sources: unresolved conflict results in No Copy
2025-12-21 04:37:27: /Types: unresolved conflict results in No Copy
2025-12-21 04:37:27: /Utilities: unresolved conflict results in No Copy
2025-12-21 04:37:27: /Types/Switches: unresolved conflict results in No Copy
2025-12-21 04:37:27: /Types/package.order: unresolved conflict results in No Copy
2025-12-21 04:37:27: /Types/Switches/package.order: unresolved conflict results in No Copy
2025-12-21 04:37:27: /Utilities/Examples: unresolved conflict results in No Copy
2025-12-21 04:37:27: /Utilities/Examples/package.order: unresolved conflict results in No Copy
2025-12-21 04:37:27: /Utilities/package.order: unresolved conflict results in No Copy
2025-12-21 04:37:27: /Utilities/UnitConversion: unresolved conflict results in No Copy
2025-12-21 04:37:27: /Sources/package.order: unresolved conflict results in No Copy
2025-12-21 04:37:27: /Sources/Examples: unresolved conflict results in No Copy
2025-12-21 04:37:27: /Sources/Examples/package.order: unresolved conflict results in No Copy
2025-12-21 04:37:27: /Utilities/UnitConversion/package.order: unresolved conflict results in No Copy
2025-12-21 04:37:27: /Visualizers: unresolved conflict results in No Copy
2025-12-21 04:37:27: /Visualizers/Examples: unresolved conflict results in No Copy
2025-12-21 04:37:27: /Visualizers/package.order: unresolved conflict results in No Copy
2025-12-21 04:37:27: /Visualizers/Types: unresolved conflict results in No Copy
2025-12-21 04:37:27: /Visualizers/Types/package.order: unresolved conflict results in No Copy
2025-12-21 04:37:27: /Visualizers/Examples/package.order: unresolved conflict results in No Copy
2025-12-21 04:37:27: Copy Over 'C:/Users/grabacr/VPSsync/01-WorkspaceSync/modelica-shared/CustomLib/FluidSystemComponents/.git/FETCH_HEAD' -> 'sftp://os3-310-44666.vs.sakura.ne.jp/home/ubuntu/VPSsync/01-WorkspaceSync/modelica-shared/CustomLib/FluidSystemComponents/.git/FETCH_HEAD' (0)
2025-12-21 04:37:28: Save State File C:/Users/grabacr/VPSsync/01-WorkspaceSync/modelica-shared/CustomLib/FluidSystemComponents/_gsdata_/_file_state_v4._gs
2025-12-21 04:37:29: Save State File sftp://os3-310-44666.vs.sakura.ne.jp/home/ubuntu/VPSsync/01-WorkspaceSync/modelica-shared/CustomLib/FluidSystemComponents/_gsdata_/_file_state_v4._gs
2025-12-21 04:37:48: == Sync Complete. Time: 00:00:22, Speed: 238.93 KB/s, OK: 1, Errors: 0
