2025-12-22 00:38:22: Server: SSH-2.0-OpenSSH_9.6p1 Ubuntu-3ubuntu13.14
2025-12-22 00:38:22: Server KEXes: sntrup761x25519-sha512@openssh.com,curve25519-sha256,curve25519-sha256@libssh.org,ecdh-sha2-nistp256,ecdh-sha2-nistp384,ecdh-sha2-nistp521,diffie-hellman-group-exchange-sha256,diffie-hellman-group16-sha512,diffie-hellman-group18-sha512,diffie-hellman-group14-sha256,ext-info-s,kex-strict-s-v00@openssh.com
2025-12-22 00:38:22: Server Host Keys: rsa-sha2-512,rsa-sha2-256,ecdsa-sha2-nistp256,ssh-ed25519
2025-12-22 00:38:22: Chosen Host Key: ssh-ed25519
2025-12-22 00:38:22: Ciphers: chacha20-poly1305@openssh.com,aes128-ctr,aes192-ctr,aes256-ctr,aes128-gcm@openssh.com,aes256-gcm@openssh.com
2025-12-22 00:38:22: MACs: umac-64-etm@openssh.com,umac-128-etm@openssh.com,hmac-sha2-256-etm@openssh.com,hmac-sha2-512-etm@openssh.com,hmac-sha1-etm@openssh.com,umac-64@openssh.com,umac-128@openssh.com,hmac-sha2-256,hmac-sha2-512,hmac-sha1
2025-12-22 00:38:22: Auth: start: publickey
2025-12-22 00:38:22: Auth: publickey: no keys available
2025-12-22 00:38:22: Auth: start: password
2025-12-22 00:38:24: -- Analysis Started by On File Change, After Delay
2025-12-22 00:38:24: L: State File has changed, so re-read it: C:/Users/grabacr/VPSsync/01-WorkspaceSync/modelica-shared/CustomLib/FluidSystemComponents/_gsdata_/_file_state_v4._gs
2025-12-22 00:38:24: L: Reading State File C:/Users/grabacr/VPSsync/01-WorkspaceSync/modelica-shared/CustomLib/FluidSystemComponents/_gsdata_/_file_state_v4._gs
2025-12-22 00:38:24: R: State File has changed, so re-read it: sftp://os3-310-44666.vs.sakura.ne.jp/home/ubuntu/VPSsync/01-WorkspaceSync/modelica-shared/CustomLib/FluidSystemComponents/_gsdata_/_file_state_v4._gs
2025-12-22 00:38:24: R: Reading State File sftp://os3-310-44666.vs.sakura.ne.jp/home/ubuntu/VPSsync/01-WorkspaceSync/modelica-shared/CustomLib/FluidSystemComponents/_gsdata_/_file_state_v4._gs
2025-12-22 00:38:25: Changes: 114, Conflicts: 0, CopyTime: 0, FixState: 0, Errors: 0, All: 6181
2025-12-22 00:38:25: Left to Right: Copy File: 114 
2025-12-22 00:38:25: == Sync Started by On File Change, After Delay
2025-12-22 00:38:25: ConnectCloned connected to file:///~grabacr/VPSsync/01-WorkspaceSync/modelica-shared/CustomLib/FluidSystemComponents
2025-12-22 00:38:25: ConnectCloned connected to file:///~grabacr/VPSsync/01-WorkspaceSync/modelica-shared/CustomLib/FluidSystemComponents
2025-12-22 00:38:25: ConnectCloned connected to file:///~grabacr/VPSsync/01-WorkspaceSync/modelica-shared/CustomLib/FluidSystemComponents
2025-12-22 00:38:25: Server: SSH-2.0-OpenSSH_9.6p1 Ubuntu-3ubuntu13.14
2025-12-22 00:38:25: Server: SSH-2.0-OpenSSH_9.6p1 Ubuntu-3ubuntu13.14
2025-12-22 00:38:25: Server: SSH-2.0-OpenSSH_9.6p1 Ubuntu-3ubuntu13.14
2025-12-22 00:38:25: Server KEXes: sntrup761x25519-sha512@openssh.com,curve25519-sha256,curve25519-sha256@libssh.org,ecdh-sha2-nistp256,ecdh-sha2-nistp384,ecdh-sha2-nistp521,diffie-hellman-group-exchange-sha256,diffie-hellman-group16-sha512,diffie-hellman-group18-sha512,diffie-hellman-group14-sha256,ext-info-s,kex-strict-s-v00@openssh.com
2025-12-22 00:38:25: Server Host Keys: rsa-sha2-512,rsa-sha2-256,ecdsa-sha2-nistp256,ssh-ed25519
2025-12-22 00:38:25: Chosen Host Key: ssh-ed25519
2025-12-22 00:38:25: Ciphers: chacha20-poly1305@openssh.com,aes128-ctr,aes192-ctr,aes256-ctr,aes128-gcm@openssh.com,aes256-gcm@openssh.com
2025-12-22 00:38:25: MACs: umac-64-etm@openssh.com,umac-128-etm@openssh.com,hmac-sha2-256-etm@openssh.com,hmac-sha2-512-etm@openssh.com,hmac-sha1-etm@openssh.com,umac-64@openssh.com,umac-128@openssh.com,hmac-sha2-256,hmac-sha2-512,hmac-sha1
2025-12-22 00:38:25: Server KEXes: sntrup761x25519-sha512@openssh.com,curve25519-sha256,curve25519-sha256@libssh.org,ecdh-sha2-nistp256,ecdh-sha2-nistp384,ecdh-sha2-nistp521,diffie-hellman-group-exchange-sha256,diffie-hellman-group16-sha512,diffie-hellman-group18-sha512,diffie-hellman-group14-sha256,ext-info-s,kex-strict-s-v00@openssh.com
2025-12-22 00:38:25: Server Host Keys: rsa-sha2-512,rsa-sha2-256,ecdsa-sha2-nistp256,ssh-ed25519
2025-12-22 00:38:25: Chosen Host Key: ssh-ed25519
2025-12-22 00:38:25: Ciphers: chacha20-poly1305@openssh.com,aes128-ctr,aes192-ctr,aes256-ctr,aes128-gcm@openssh.com,aes256-gcm@openssh.com
2025-12-22 00:38:25: MACs: umac-64-etm@openssh.com,umac-128-etm@openssh.com,hmac-sha2-256-etm@openssh.com,hmac-sha2-512-etm@openssh.com,hmac-sha1-etm@openssh.com,umac-64@openssh.com,umac-128@openssh.com,hmac-sha2-256,hmac-sha2-512,hmac-sha1
2025-12-22 00:38:25: Server KEXes: sntrup761x25519-sha512@openssh.com,curve25519-sha256,curve25519-sha256@libssh.org,ecdh-sha2-nistp256,ecdh-sha2-nistp384,ecdh-sha2-nistp521,diffie-hellman-group-exchange-sha256,diffie-hellman-group16-sha512,diffie-hellman-group18-sha512,diffie-hellman-group14-sha256,ext-info-s,kex-strict-s-v00@openssh.com
2025-12-22 00:38:25: Server Host Keys: rsa-sha2-512,rsa-sha2-256,ecdsa-sha2-nistp256,ssh-ed25519
2025-12-22 00:38:25: Chosen Host Key: ssh-ed25519
2025-12-22 00:38:25: Ciphers: chacha20-poly1305@openssh.com,aes128-ctr,aes192-ctr,aes256-ctr,aes128-gcm@openssh.com,aes256-gcm@openssh.com
2025-12-22 00:38:25: MACs: umac-64-etm@openssh.com,umac-128-etm@openssh.com,hmac-sha2-256-etm@openssh.com,hmac-sha2-512-etm@openssh.com,hmac-sha1-etm@openssh.com,umac-64@openssh.com,umac-128@openssh.com,hmac-sha2-256,hmac-sha2-512,hmac-sha1
2025-12-22 00:38:25: Auth: start: publickey
2025-12-22 00:38:25: Auth: publickey: no keys available
2025-12-22 00:38:25: Auth: start: password
2025-12-22 00:38:25: Auth: start: publickey
2025-12-22 00:38:25: Auth: publickey: no keys available
2025-12-22 00:38:25: Auth: start: password
2025-12-22 00:38:25: Auth: start: publickey
2025-12-22 00:38:25: Auth: publickey: no keys available
2025-12-22 00:38:25: Auth: start: password
2025-12-22 00:38:26: GsConnectAndSetRoot1 connected to sftp://os3-310-44666.vs.sakura.ne.jp/home/ubuntu/VPSsync/01-WorkspaceSync/modelica-shared/CustomLib/FluidSystemComponents
2025-12-22 00:38:26: GsConnectAndSetRoot1 connected to sftp://os3-310-44666.vs.sakura.ne.jp/home/ubuntu/VPSsync/01-WorkspaceSync/modelica-shared/CustomLib/FluidSystemComponents
2025-12-22 00:38:26: GsConnectAndSetRoot1 connected to sftp://os3-310-44666.vs.sakura.ne.jp/home/ubuntu/VPSsync/01-WorkspaceSync/modelica-shared/CustomLib/FluidSystemComponents
2025-12-22 00:38:26: Copy New 'C:/Users/grabacr/VPSsync/01-WorkspaceSync/modelica-shared/CustomLib/FluidSystemComponents/.git/objects/04/c4e1d5541cd59bbee2dfaa880d4c1eeabe9e44' -> 'sftp://os3-310-44666.vs.sakura.ne.jp/home/ubuntu/VPSsync/01-WorkspaceSync/modelica-shared/CustomLib/FluidSystemComponents/.git/objects/04/c4e1d5541cd59bbee2dfaa880d4c1eeabe9e44' (3,217)
2025-12-22 00:38:27: Copy New 'C:/Users/grabacr/VPSsync/01-WorkspaceSync/modelica-shared/CustomLib/FluidSystemComponents/.git/objects/01/38904325ae4536adbc3508bcb35839c2ea4ca3' -> 'sftp://os3-310-44666.vs.sakura.ne.jp/home/ubuntu/VPSsync/01-WorkspaceSync/modelica-shared/CustomLib/FluidSystemComponents/.git/objects/01/38904325ae4536adbc3508bcb35839c2ea4ca3' (1,056)
2025-12-22 00:38:27: Copy New 'C:/Users/grabacr/VPSsync/01-WorkspaceSync/modelica-shared/CustomLib/FluidSystemComponents/.git/objects/04/2c0a05cfb7e805f69811681c63734db0e90283' -> 'sftp://os3-310-44666.vs.sakura.ne.jp/home/ubuntu/VPSsync/01-WorkspaceSync/modelica-shared/CustomLib/FluidSystemComponents/.git/objects/04/2c0a05cfb7e805f69811681c63734db0e90283' (178)
2025-12-22 00:38:27: Copy New 'C:/Users/grabacr/VPSsync/01-WorkspaceSync/modelica-shared/CustomLib/FluidSystemComponents/.git/objects/06/3de1028e8775616d62f67ee8d44fdf093d26af' -> 'sftp://os3-310-44666.vs.sakura.ne.jp/home/ubuntu/VPSsync/01-WorkspaceSync/modelica-shared/CustomLib/FluidSystemComponents/.git/objects/06/3de1028e8775616d62f67ee8d44fdf093d26af' (3,195)
2025-12-22 00:38:27: Copy New 'C:/Users/grabacr/VPSsync/01-WorkspaceSync/modelica-shared/CustomLib/FluidSystemComponents/.git/objects/07/562f6109b7ba2b80ed650112904b6834a49440' -> 'sftp://os3-310-44666.vs.sakura.ne.jp/home/ubuntu/VPSsync/01-WorkspaceSync/modelica-shared/CustomLib/FluidSystemComponents/.git/objects/07/562f6109b7ba2b80ed650112904b6834a49440' (3,240)
2025-12-22 00:38:27: Copy Over 'C:/Users/grabacr/VPSsync/01-WorkspaceSync/modelica-shared/CustomLib/FluidSystemComponents/.git/index' -> 'sftp://os3-310-44666.vs.sakura.ne.jp/home/ubuntu/VPSsync/01-WorkspaceSync/modelica-shared/CustomLib/FluidSystemComponents/.git/index' (274,539)
2025-12-22 00:38:27: Copy New 'C:/Users/grabacr/VPSsync/01-WorkspaceSync/modelica-shared/CustomLib/FluidSystemComponents/.git/objects/08/8c0d4d7d6f6bd14f6ed4d0156ef97769c428f4' -> 'sftp://os3-310-44666.vs.sakura.ne.jp/home/ubuntu/VPSsync/01-WorkspaceSync/modelica-shared/CustomLib/FluidSystemComponents/.git/objects/08/8c0d4d7d6f6bd14f6ed4d0156ef97769c428f4' (3,204)
2025-12-22 00:38:27: Copy New 'C:/Users/grabacr/VPSsync/01-WorkspaceSync/modelica-shared/CustomLib/FluidSystemComponents/.git/objects/09/29bf2c31d64e8fa2673a71f22df07993d12c35' -> 'sftp://os3-310-44666.vs.sakura.ne.jp/home/ubuntu/VPSsync/01-WorkspaceSync/modelica-shared/CustomLib/FluidSystemComponents/.git/objects/09/29bf2c31d64e8fa2673a71f22df07993d12c35' (52,391)
2025-12-22 00:38:27: Copy New 'C:/Users/grabacr/VPSsync/01-WorkspaceSync/modelica-shared/CustomLib/FluidSystemComponents/.git/objects/0d/1cd068e6f39a02ff820190b902b265cbc77595' -> 'sftp://os3-310-44666.vs.sakura.ne.jp/home/ubuntu/VPSsync/01-WorkspaceSync/modelica-shared/CustomLib/FluidSystemComponents/.git/objects/0d/1cd068e6f39a02ff820190b902b265cbc77595' (478)
2025-12-22 00:38:27: Copy New 'C:/Users/grabacr/VPSsync/01-WorkspaceSync/modelica-shared/CustomLib/FluidSystemComponents/.git/objects/10/67f4966cc1cd0012957cb7c267f6d9a475df8b' -> 'sftp://os3-310-44666.vs.sakura.ne.jp/home/ubuntu/VPSsync/01-WorkspaceSync/modelica-shared/CustomLib/FluidSystemComponents/.git/objects/10/67f4966cc1cd0012957cb7c267f6d9a475df8b' (1,055)
2025-12-22 00:38:28: Copy New 'C:/Users/grabacr/VPSsync/01-WorkspaceSync/modelica-shared/CustomLib/FluidSystemComponents/.git/objects/12/2e09da15b9cf160a533706731579fe72038592' -> 'sftp://os3-310-44666.vs.sakura.ne.jp/home/ubuntu/VPSsync/01-WorkspaceSync/modelica-shared/CustomLib/FluidSystemComponents/.git/objects/12/2e09da15b9cf160a533706731579fe72038592' (787)
2025-12-22 00:38:28: Copy New 'C:/Users/grabacr/VPSsync/01-WorkspaceSync/modelica-shared/CustomLib/FluidSystemComponents/.git/objects/11/1dd74efd5a71e12c772bc300586a566594cdda' -> 'sftp://os3-310-44666.vs.sakura.ne.jp/home/ubuntu/VPSsync/01-WorkspaceSync/modelica-shared/CustomLib/FluidSystemComponents/.git/objects/11/1dd74efd5a71e12c772bc300586a566594cdda' (3,247)
2025-12-22 00:38:28: Copy New 'C:/Users/grabacr/VPSsync/01-WorkspaceSync/modelica-shared/CustomLib/FluidSystemComponents/.git/objects/12/fb69fa9b5161578dccff56f562d2c184356990' -> 'sftp://os3-310-44666.vs.sakura.ne.jp/home/ubuntu/VPSsync/01-WorkspaceSync/modelica-shared/CustomLib/FluidSystemComponents/.git/objects/12/fb69fa9b5161578dccff56f562d2c184356990' (3,186)
2025-12-22 00:38:28: Copy New 'C:/Users/grabacr/VPSsync/01-WorkspaceSync/modelica-shared/CustomLib/FluidSystemComponents/.git/objects/11/28d2af24a4f718e3837b4d36f03b8a6cde64ee' -> 'sftp://os3-310-44666.vs.sakura.ne.jp/home/ubuntu/VPSsync/01-WorkspaceSync/modelica-shared/CustomLib/FluidSystemComponents/.git/objects/11/28d2af24a4f718e3837b4d36f03b8a6cde64ee' (986)
2025-12-22 00:38:28: Copy New 'C:/Users/grabacr/VPSsync/01-WorkspaceSync/modelica-shared/CustomLib/FluidSystemComponents/.git/objects/18/2c8b34a3db575dd1df237562aca197f7f9a259' -> 'sftp://os3-310-44666.vs.sakura.ne.jp/home/ubuntu/VPSsync/01-WorkspaceSync/modelica-shared/CustomLib/FluidSystemComponents/.git/objects/18/2c8b34a3db575dd1df237562aca197f7f9a259' (1,166)
2025-12-22 00:38:28: Copy New 'C:/Users/grabacr/VPSsync/01-WorkspaceSync/modelica-shared/CustomLib/FluidSystemComponents/.git/objects/16/0a13eaa07349f6fac81acbbab562600969cfd9' -> 'sftp://os3-310-44666.vs.sakura.ne.jp/home/ubuntu/VPSsync/01-WorkspaceSync/modelica-shared/CustomLib/FluidSystemComponents/.git/objects/16/0a13eaa07349f6fac81acbbab562600969cfd9' (52,239)
2025-12-22 00:38:28: Copy New 'C:/Users/grabacr/VPSsync/01-WorkspaceSync/modelica-shared/CustomLib/FluidSystemComponents/.git/objects/1a/d0e7c8a5630e2cbd35f34743637fa2989829c7' -> 'sftp://os3-310-44666.vs.sakura.ne.jp/home/ubuntu/VPSsync/01-WorkspaceSync/modelica-shared/CustomLib/FluidSystemComponents/.git/objects/1a/d0e7c8a5630e2cbd35f34743637fa2989829c7' (991)
2025-12-22 00:38:28: Copy New 'C:/Users/grabacr/VPSsync/01-WorkspaceSync/modelica-shared/CustomLib/FluidSystemComponents/.git/objects/20/b143db5f73630f078fc3721ed4466e35f5d96b' -> 'sftp://os3-310-44666.vs.sakura.ne.jp/home/ubuntu/VPSsync/01-WorkspaceSync/modelica-shared/CustomLib/FluidSystemComponents/.git/objects/20/b143db5f73630f078fc3721ed4466e35f5d96b' (118)
2025-12-22 00:38:28: Copy New 'C:/Users/grabacr/VPSsync/01-WorkspaceSync/modelica-shared/CustomLib/FluidSystemComponents/.git/objects/1c/df57e0acbbca7ae5ee87c1e2189b14af66c50a' -> 'sftp://os3-310-44666.vs.sakura.ne.jp/home/ubuntu/VPSsync/01-WorkspaceSync/modelica-shared/CustomLib/FluidSystemComponents/.git/objects/1c/df57e0acbbca7ae5ee87c1e2189b14af66c50a' (52,190)
2025-12-22 00:38:28: Copy New 'C:/Users/grabacr/VPSsync/01-WorkspaceSync/modelica-shared/CustomLib/FluidSystemComponents/.git/objects/21/3e1b0e97e18deea7503d5cd768313eb81f6ffe' -> 'sftp://os3-310-44666.vs.sakura.ne.jp/home/ubuntu/VPSsync/01-WorkspaceSync/modelica-shared/CustomLib/FluidSystemComponents/.git/objects/21/3e1b0e97e18deea7503d5cd768313eb81f6ffe' (3,193)
2025-12-22 00:38:28: Copy New 'C:/Users/grabacr/VPSsync/01-WorkspaceSync/modelica-shared/CustomLib/FluidSystemComponents/.git/objects/23/6c6fbe6a70d1467509958ee53520927439aa80' -> 'sftp://os3-310-44666.vs.sakura.ne.jp/home/ubuntu/VPSsync/01-WorkspaceSync/modelica-shared/CustomLib/FluidSystemComponents/.git/objects/23/6c6fbe6a70d1467509958ee53520927439aa80' (1,096)
2025-12-22 00:38:28: Copy New 'C:/Users/grabacr/VPSsync/01-WorkspaceSync/modelica-shared/CustomLib/FluidSystemComponents/.git/objects/24/c710255e1515ce2a812282a3082d224e5d696c' -> 'sftp://os3-310-44666.vs.sakura.ne.jp/home/ubuntu/VPSsync/01-WorkspaceSync/modelica-shared/CustomLib/FluidSystemComponents/.git/objects/24/c710255e1515ce2a812282a3082d224e5d696c' (584)
2025-12-22 00:38:29: Copy New 'C:/Users/grabacr/VPSsync/01-WorkspaceSync/modelica-shared/CustomLib/FluidSystemComponents/.git/objects/25/9249ac7bcd4e750b73815432b87184b0396b3b' -> 'sftp://os3-310-44666.vs.sakura.ne.jp/home/ubuntu/VPSsync/01-WorkspaceSync/modelica-shared/CustomLib/FluidSystemComponents/.git/objects/25/9249ac7bcd4e750b73815432b87184b0396b3b' (992)
2025-12-22 00:38:29: Copy New 'C:/Users/grabacr/VPSsync/01-WorkspaceSync/modelica-shared/CustomLib/FluidSystemComponents/.git/objects/2a/b0691cf6987c63bbf5e9a22af00d6dbc456424' -> 'sftp://os3-310-44666.vs.sakura.ne.jp/home/ubuntu/VPSsync/01-WorkspaceSync/modelica-shared/CustomLib/FluidSystemComponents/.git/objects/2a/b0691cf6987c63bbf5e9a22af00d6dbc456424' (52,235)
2025-12-22 00:38:29: Copy New 'C:/Users/grabacr/VPSsync/01-WorkspaceSync/modelica-shared/CustomLib/FluidSystemComponents/.git/objects/36/5f277418fce592d9054cef94cb01660a6d2a8e' -> 'sftp://os3-310-44666.vs.sakura.ne.jp/home/ubuntu/VPSsync/01-WorkspaceSync/modelica-shared/CustomLib/FluidSystemComponents/.git/objects/36/5f277418fce592d9054cef94cb01660a6d2a8e' (1,064)
2025-12-22 00:38:29: Copy New 'C:/Users/grabacr/VPSsync/01-WorkspaceSync/modelica-shared/CustomLib/FluidSystemComponents/.git/objects/2c/632a4ab96b52fc0084d859564355fea3b20471' -> 'sftp://os3-310-44666.vs.sakura.ne.jp/home/ubuntu/VPSsync/01-WorkspaceSync/modelica-shared/CustomLib/FluidSystemComponents/.git/objects/2c/632a4ab96b52fc0084d859564355fea3b20471' (3,231)
2025-12-22 00:38:29: Copy New 'C:/Users/grabacr/VPSsync/01-WorkspaceSync/modelica-shared/CustomLib/FluidSystemComponents/.git/objects/3a/6dbcfd1a816924ef947dcfd63663842a2902a5' -> 'sftp://os3-310-44666.vs.sakura.ne.jp/home/ubuntu/VPSsync/01-WorkspaceSync/modelica-shared/CustomLib/FluidSystemComponents/.git/objects/3a/6dbcfd1a816924ef947dcfd63663842a2902a5' (598)
2025-12-22 00:38:29: Copy New 'C:/Users/grabacr/VPSsync/01-WorkspaceSync/modelica-shared/CustomLib/FluidSystemComponents/.git/objects/39/5b08c5597af5441c378fbb09b7ab20c5ea35f5' -> 'sftp://os3-310-44666.vs.sakura.ne.jp/home/ubuntu/VPSsync/01-WorkspaceSync/modelica-shared/CustomLib/FluidSystemComponents/.git/objects/39/5b08c5597af5441c378fbb09b7ab20c5ea35f5' (264,882)
2025-12-22 00:38:29: Copy New 'C:/Users/grabacr/VPSsync/01-WorkspaceSync/modelica-shared/CustomLib/FluidSystemComponents/.git/objects/3a/58d7410c1ace99d98a50a69344a906ea658def' -> 'sftp://os3-310-44666.vs.sakura.ne.jp/home/ubuntu/VPSsync/01-WorkspaceSync/modelica-shared/CustomLib/FluidSystemComponents/.git/objects/3a/58d7410c1ace99d98a50a69344a906ea658def' (52,182)
2025-12-22 00:38:30: Copy New 'C:/Users/grabacr/VPSsync/01-WorkspaceSync/modelica-shared/CustomLib/FluidSystemComponents/.git/objects/3b/5239c993e16b379e1ac6ab25752f6d83979fb9' -> 'sftp://os3-310-44666.vs.sakura.ne.jp/home/ubuntu/VPSsync/01-WorkspaceSync/modelica-shared/CustomLib/FluidSystemComponents/.git/objects/3b/5239c993e16b379e1ac6ab25752f6d83979fb9' (978)
2025-12-22 00:38:30: Copy New 'C:/Users/grabacr/VPSsync/01-WorkspaceSync/modelica-shared/CustomLib/FluidSystemComponents/.git/objects/3b/33ac33186207900ebbb4b326ca807334025c42' -> 'sftp://os3-310-44666.vs.sakura.ne.jp/home/ubuntu/VPSsync/01-WorkspaceSync/modelica-shared/CustomLib/FluidSystemComponents/.git/objects/3b/33ac33186207900ebbb4b326ca807334025c42' (52,219)
2025-12-22 00:38:30: Copy New 'C:/Users/grabacr/VPSsync/01-WorkspaceSync/modelica-shared/CustomLib/FluidSystemComponents/.git/objects/3c/00cc096b8fec705eacb8daeffb1c9bd996dd81' -> 'sftp://os3-310-44666.vs.sakura.ne.jp/home/ubuntu/VPSsync/01-WorkspaceSync/modelica-shared/CustomLib/FluidSystemComponents/.git/objects/3c/00cc096b8fec705eacb8daeffb1c9bd996dd81' (3,193)
2025-12-22 00:38:30: Copy New 'C:/Users/grabacr/VPSsync/01-WorkspaceSync/modelica-shared/CustomLib/FluidSystemComponents/.git/objects/3d/36bad029ecbfd07234ff95989327f8645bbe86' -> 'sftp://os3-310-44666.vs.sakura.ne.jp/home/ubuntu/VPSsync/01-WorkspaceSync/modelica-shared/CustomLib/FluidSystemComponents/.git/objects/3d/36bad029ecbfd07234ff95989327f8645bbe86' (740)
2025-12-22 00:38:30: Copy New 'C:/Users/grabacr/VPSsync/01-WorkspaceSync/modelica-shared/CustomLib/FluidSystemComponents/.git/objects/3c/35a3c97f72d002f22febf7c679d1d9b0b09ea0' -> 'sftp://os3-310-44666.vs.sakura.ne.jp/home/ubuntu/VPSsync/01-WorkspaceSync/modelica-shared/CustomLib/FluidSystemComponents/.git/objects/3c/35a3c97f72d002f22febf7c679d1d9b0b09ea0' (994)
2025-12-22 00:38:30: Copy New 'C:/Users/grabacr/VPSsync/01-WorkspaceSync/modelica-shared/CustomLib/FluidSystemComponents/.git/objects/3c/a9656afe4a90a4907957cdf3600f3985184cbd' -> 'sftp://os3-310-44666.vs.sakura.ne.jp/home/ubuntu/VPSsync/01-WorkspaceSync/modelica-shared/CustomLib/FluidSystemComponents/.git/objects/3c/a9656afe4a90a4907957cdf3600f3985184cbd' (52,214)
2025-12-22 00:38:30: Copy New 'C:/Users/grabacr/VPSsync/01-WorkspaceSync/modelica-shared/CustomLib/FluidSystemComponents/.git/objects/3c/e18d5aa8ccfbbcc6557295208714134036829c' -> 'sftp://os3-310-44666.vs.sakura.ne.jp/home/ubuntu/VPSsync/01-WorkspaceSync/modelica-shared/CustomLib/FluidSystemComponents/.git/objects/3c/e18d5aa8ccfbbcc6557295208714134036829c' (1,437)
2025-12-22 00:38:30: Copy New 'C:/Users/grabacr/VPSsync/01-WorkspaceSync/modelica-shared/CustomLib/FluidSystemComponents/.git/objects/40/512ea78c5fb8737eea11031184dd9ee6a5c9b6' -> 'sftp://os3-310-44666.vs.sakura.ne.jp/home/ubuntu/VPSsync/01-WorkspaceSync/modelica-shared/CustomLib/FluidSystemComponents/.git/objects/40/512ea78c5fb8737eea11031184dd9ee6a5c9b6' (987)
2025-12-22 00:38:30: Copy New 'C:/Users/grabacr/VPSsync/01-WorkspaceSync/modelica-shared/CustomLib/FluidSystemComponents/.git/objects/43/dc58d96adb6ea56ea2e3bd422431559e0978aa' -> 'sftp://os3-310-44666.vs.sakura.ne.jp/home/ubuntu/VPSsync/01-WorkspaceSync/modelica-shared/CustomLib/FluidSystemComponents/.git/objects/43/dc58d96adb6ea56ea2e3bd422431559e0978aa' (1,102)
2025-12-22 00:38:30: Copy New 'C:/Users/grabacr/VPSsync/01-WorkspaceSync/modelica-shared/CustomLib/FluidSystemComponents/.git/objects/44/232ba1f1b394085c841e0d68dcd7fec6fc0609' -> 'sftp://os3-310-44666.vs.sakura.ne.jp/home/ubuntu/VPSsync/01-WorkspaceSync/modelica-shared/CustomLib/FluidSystemComponents/.git/objects/44/232ba1f1b394085c841e0d68dcd7fec6fc0609' (993)
2025-12-22 00:38:30: Copy New 'C:/Users/grabacr/VPSsync/01-WorkspaceSync/modelica-shared/CustomLib/FluidSystemComponents/.git/objects/45/54e69efcc1086b5e2ac87c9761a7a7e3ddab2a' -> 'sftp://os3-310-44666.vs.sakura.ne.jp/home/ubuntu/VPSsync/01-WorkspaceSync/modelica-shared/CustomLib/FluidSystemComponents/.git/objects/45/54e69efcc1086b5e2ac87c9761a7a7e3ddab2a' (986)
2025-12-22 00:38:30: Copy New 'C:/Users/grabacr/VPSsync/01-WorkspaceSync/modelica-shared/CustomLib/FluidSystemComponents/.git/objects/44/e8b8d776fef5d092849d887db4de1ff7ec6771' -> 'sftp://os3-310-44666.vs.sakura.ne.jp/home/ubuntu/VPSsync/01-WorkspaceSync/modelica-shared/CustomLib/FluidSystemComponents/.git/objects/44/e8b8d776fef5d092849d887db4de1ff7ec6771' (52,198)
2025-12-22 00:38:30: Copy New 'C:/Users/grabacr/VPSsync/01-WorkspaceSync/modelica-shared/CustomLib/FluidSystemComponents/.git/objects/4a/aa772f69bb6c1d7888d4b4ddcef15362ac3417' -> 'sftp://os3-310-44666.vs.sakura.ne.jp/home/ubuntu/VPSsync/01-WorkspaceSync/modelica-shared/CustomLib/FluidSystemComponents/.git/objects/4a/aa772f69bb6c1d7888d4b4ddcef15362ac3417' (180)
2025-12-22 00:38:30: Copy New 'C:/Users/grabacr/VPSsync/01-WorkspaceSync/modelica-shared/CustomLib/FluidSystemComponents/.git/objects/46/a96ab3b57026d650049aa447e08d81a955d74f' -> 'sftp://os3-310-44666.vs.sakura.ne.jp/home/ubuntu/VPSsync/01-WorkspaceSync/modelica-shared/CustomLib/FluidSystemComponents/.git/objects/46/a96ab3b57026d650049aa447e08d81a955d74f' (3,216)
2025-12-22 00:38:31: Copy New 'C:/Users/grabacr/VPSsync/01-WorkspaceSync/modelica-shared/CustomLib/FluidSystemComponents/.git/objects/4c/77244da14756c9dd6e1b6f10f1aaf75a81812a' -> 'sftp://os3-310-44666.vs.sakura.ne.jp/home/ubuntu/VPSsync/01-WorkspaceSync/modelica-shared/CustomLib/FluidSystemComponents/.git/objects/4c/77244da14756c9dd6e1b6f10f1aaf75a81812a' (1,051)
2025-12-22 00:38:31: Copy New 'C:/Users/grabacr/VPSsync/01-WorkspaceSync/modelica-shared/CustomLib/FluidSystemComponents/.git/objects/56/1b6e0ca1735f017e3225f0ed65b7286d3d5564' -> 'sftp://os3-310-44666.vs.sakura.ne.jp/home/ubuntu/VPSsync/01-WorkspaceSync/modelica-shared/CustomLib/FluidSystemComponents/.git/objects/56/1b6e0ca1735f017e3225f0ed65b7286d3d5564' (52,259)
2025-12-22 00:38:31: Copy New 'C:/Users/grabacr/VPSsync/01-WorkspaceSync/modelica-shared/CustomLib/FluidSystemComponents/.git/objects/60/95a4e81bb8767959bc93709f306e841a8d8a84' -> 'sftp://os3-310-44666.vs.sakura.ne.jp/home/ubuntu/VPSsync/01-WorkspaceSync/modelica-shared/CustomLib/FluidSystemComponents/.git/objects/60/95a4e81bb8767959bc93709f306e841a8d8a84' (52,236)
2025-12-22 00:38:31: Copy New 'C:/Users/grabacr/VPSsync/01-WorkspaceSync/modelica-shared/CustomLib/FluidSystemComponents/.git/objects/68/c752d587da0780536e86e50e696e73091978d1' -> 'sftp://os3-310-44666.vs.sakura.ne.jp/home/ubuntu/VPSsync/01-WorkspaceSync/modelica-shared/CustomLib/FluidSystemComponents/.git/objects/68/c752d587da0780536e86e50e696e73091978d1' (118)
2025-12-22 00:38:31: Copy New 'C:/Users/grabacr/VPSsync/01-WorkspaceSync/modelica-shared/CustomLib/FluidSystemComponents/.git/objects/6a/2ee166d822ec7b31cd5cb42109ac332cbd43f1' -> 'sftp://os3-310-44666.vs.sakura.ne.jp/home/ubuntu/VPSsync/01-WorkspaceSync/modelica-shared/CustomLib/FluidSystemComponents/.git/objects/6a/2ee166d822ec7b31cd5cb42109ac332cbd43f1' (513)
2025-12-22 00:38:31: Copy New 'C:/Users/grabacr/VPSsync/01-WorkspaceSync/modelica-shared/CustomLib/FluidSystemComponents/.git/objects/6b/abb3e5046ca871c10382ad643d89f817ef795a' -> 'sftp://os3-310-44666.vs.sakura.ne.jp/home/ubuntu/VPSsync/01-WorkspaceSync/modelica-shared/CustomLib/FluidSystemComponents/.git/objects/6b/abb3e5046ca871c10382ad643d89f817ef795a' (51)
2025-12-22 00:38:31: Copy New 'C:/Users/grabacr/VPSsync/01-WorkspaceSync/modelica-shared/CustomLib/FluidSystemComponents/.git/objects/69/3d0195ab51a1993183540b8a16e636bafe1934' -> 'sftp://os3-310-44666.vs.sakura.ne.jp/home/ubuntu/VPSsync/01-WorkspaceSync/modelica-shared/CustomLib/FluidSystemComponents/.git/objects/69/3d0195ab51a1993183540b8a16e636bafe1934' (52,237)
2025-12-22 00:38:31: Copy New 'C:/Users/grabacr/VPSsync/01-WorkspaceSync/modelica-shared/CustomLib/FluidSystemComponents/.git/objects/6d/9934539f2991a76cc8e7d957aaf3137775e3f4' -> 'sftp://os3-310-44666.vs.sakura.ne.jp/home/ubuntu/VPSsync/01-WorkspaceSync/modelica-shared/CustomLib/FluidSystemComponents/.git/objects/6d/9934539f2991a76cc8e7d957aaf3137775e3f4' (981)
2025-12-22 00:38:31: Copy New 'C:/Users/grabacr/VPSsync/01-WorkspaceSync/modelica-shared/CustomLib/FluidSystemComponents/.git/objects/72/1899ab3ff138bfe4639e91b1f02949934ec7a9' -> 'sftp://os3-310-44666.vs.sakura.ne.jp/home/ubuntu/VPSsync/01-WorkspaceSync/modelica-shared/CustomLib/FluidSystemComponents/.git/objects/72/1899ab3ff138bfe4639e91b1f02949934ec7a9' (983)
2025-12-22 00:38:31: Copy New 'C:/Users/grabacr/VPSsync/01-WorkspaceSync/modelica-shared/CustomLib/FluidSystemComponents/.git/objects/73/a9b659db17892d1f3ae34a9e6dbc4f8d9bebdb' -> 'sftp://os3-310-44666.vs.sakura.ne.jp/home/ubuntu/VPSsync/01-WorkspaceSync/modelica-shared/CustomLib/FluidSystemComponents/.git/objects/73/a9b659db17892d1f3ae34a9e6dbc4f8d9bebdb' (3,212)
2025-12-22 00:38:31: Copy New 'C:/Users/grabacr/VPSsync/01-WorkspaceSync/modelica-shared/CustomLib/FluidSystemComponents/.git/objects/73/b5fae90e362ddb6b133d89c0bf4c533124bca0' -> 'sftp://os3-310-44666.vs.sakura.ne.jp/home/ubuntu/VPSsync/01-WorkspaceSync/modelica-shared/CustomLib/FluidSystemComponents/.git/objects/73/b5fae90e362ddb6b133d89c0bf4c533124bca0' (3,186)
2025-12-22 00:38:32: Copy New 'C:/Users/grabacr/VPSsync/01-WorkspaceSync/modelica-shared/CustomLib/FluidSystemComponents/.git/objects/72/858e87ad2726fda4fa2a6e3e95b11155b45cd6' -> 'sftp://os3-310-44666.vs.sakura.ne.jp/home/ubuntu/VPSsync/01-WorkspaceSync/modelica-shared/CustomLib/FluidSystemComponents/.git/objects/72/858e87ad2726fda4fa2a6e3e95b11155b45cd6' (2,112)
2025-12-22 00:38:32: Copy New 'C:/Users/grabacr/VPSsync/01-WorkspaceSync/modelica-shared/CustomLib/FluidSystemComponents/.git/objects/72/daaef667e40196ed1f518da8a7f080a6b06f2e' -> 'sftp://os3-310-44666.vs.sakura.ne.jp/home/ubuntu/VPSsync/01-WorkspaceSync/modelica-shared/CustomLib/FluidSystemComponents/.git/objects/72/daaef667e40196ed1f518da8a7f080a6b06f2e' (3,206)
2025-12-22 00:38:32: Copy New 'C:/Users/grabacr/VPSsync/01-WorkspaceSync/modelica-shared/CustomLib/FluidSystemComponents/.git/objects/75/272c04aec65239ffabe1fbc3236ec8f0875adb' -> 'sftp://os3-310-44666.vs.sakura.ne.jp/home/ubuntu/VPSsync/01-WorkspaceSync/modelica-shared/CustomLib/FluidSystemComponents/.git/objects/75/272c04aec65239ffabe1fbc3236ec8f0875adb' (1,080)
2025-12-22 00:38:32: Copy New 'C:/Users/grabacr/VPSsync/01-WorkspaceSync/modelica-shared/CustomLib/FluidSystemComponents/.git/objects/79/1dbf83eb421970a90195f0f4f7081d6779fb37' -> 'sftp://os3-310-44666.vs.sakura.ne.jp/home/ubuntu/VPSsync/01-WorkspaceSync/modelica-shared/CustomLib/FluidSystemComponents/.git/objects/79/1dbf83eb421970a90195f0f4f7081d6779fb37' (1,073)
2025-12-22 00:38:32: Copy New 'C:/Users/grabacr/VPSsync/01-WorkspaceSync/modelica-shared/CustomLib/FluidSystemComponents/.git/objects/7c/c66bc445f1fc6c8fa8a0f6741da18e210b8be2' -> 'sftp://os3-310-44666.vs.sakura.ne.jp/home/ubuntu/VPSsync/01-WorkspaceSync/modelica-shared/CustomLib/FluidSystemComponents/.git/objects/7c/c66bc445f1fc6c8fa8a0f6741da18e210b8be2' (1,047)
2025-12-22 00:38:32: Copy New 'C:/Users/grabacr/VPSsync/01-WorkspaceSync/modelica-shared/CustomLib/FluidSystemComponents/.git/objects/81/1b8b57b0ff7608f25862ad5e129c7c5d8bb907' -> 'sftp://os3-310-44666.vs.sakura.ne.jp/home/ubuntu/VPSsync/01-WorkspaceSync/modelica-shared/CustomLib/FluidSystemComponents/.git/objects/81/1b8b57b0ff7608f25862ad5e129c7c5d8bb907' (787)
2025-12-22 00:38:32: Copy New 'C:/Users/grabacr/VPSsync/01-WorkspaceSync/modelica-shared/CustomLib/FluidSystemComponents/.git/objects/7b/2f6fea8fe374a340a0b75e2deb20514364be09' -> 'sftp://os3-310-44666.vs.sakura.ne.jp/home/ubuntu/VPSsync/01-WorkspaceSync/modelica-shared/CustomLib/FluidSystemComponents/.git/objects/7b/2f6fea8fe374a340a0b75e2deb20514364be09' (52,213)
2025-12-22 00:38:32: Copy New 'C:/Users/grabacr/VPSsync/01-WorkspaceSync/modelica-shared/CustomLib/FluidSystemComponents/.git/objects/7f/dae22672a19500987f54015459ba7d9740e185' -> 'sftp://os3-310-44666.vs.sakura.ne.jp/home/ubuntu/VPSsync/01-WorkspaceSync/modelica-shared/CustomLib/FluidSystemComponents/.git/objects/7f/dae22672a19500987f54015459ba7d9740e185' (52,225)
2025-12-22 00:38:32: Copy New 'C:/Users/grabacr/VPSsync/01-WorkspaceSync/modelica-shared/CustomLib/FluidSystemComponents/.git/objects/82/0ac87ae77d08c4f4b99e719920de11f71a525a' -> 'sftp://os3-310-44666.vs.sakura.ne.jp/home/ubuntu/VPSsync/01-WorkspaceSync/modelica-shared/CustomLib/FluidSystemComponents/.git/objects/82/0ac87ae77d08c4f4b99e719920de11f71a525a' (981)
2025-12-22 00:38:32: Copy New 'C:/Users/grabacr/VPSsync/01-WorkspaceSync/modelica-shared/CustomLib/FluidSystemComponents/.git/objects/83/116f54dab66a06f4c8ba02206804e82ef0e752' -> 'sftp://os3-310-44666.vs.sakura.ne.jp/home/ubuntu/VPSsync/01-WorkspaceSync/modelica-shared/CustomLib/FluidSystemComponents/.git/objects/83/116f54dab66a06f4c8ba02206804e82ef0e752' (1,048)
2025-12-22 00:38:33: Copy New 'C:/Users/grabacr/VPSsync/01-WorkspaceSync/modelica-shared/CustomLib/FluidSystemComponents/.git/objects/85/8be02e673db3b4dcd9e11495747f8beb41717b' -> 'sftp://os3-310-44666.vs.sakura.ne.jp/home/ubuntu/VPSsync/01-WorkspaceSync/modelica-shared/CustomLib/FluidSystemComponents/.git/objects/85/8be02e673db3b4dcd9e11495747f8beb41717b' (52,215)
2025-12-22 00:38:33: Copy New 'C:/Users/grabacr/VPSsync/01-WorkspaceSync/modelica-shared/CustomLib/FluidSystemComponents/.git/objects/86/a08cfdd3dc4b6c4e26031b7e372dd8aa0c5dbf' -> 'sftp://os3-310-44666.vs.sakura.ne.jp/home/ubuntu/VPSsync/01-WorkspaceSync/modelica-shared/CustomLib/FluidSystemComponents/.git/objects/86/a08cfdd3dc4b6c4e26031b7e372dd8aa0c5dbf' (3,203)
2025-12-22 00:38:33: Copy New 'C:/Users/grabacr/VPSsync/01-WorkspaceSync/modelica-shared/CustomLib/FluidSystemComponents/.git/objects/8c/1386d0da1b5665a41e6309e716dae2667ea6fc' -> 'sftp://os3-310-44666.vs.sakura.ne.jp/home/ubuntu/VPSsync/01-WorkspaceSync/modelica-shared/CustomLib/FluidSystemComponents/.git/objects/8c/1386d0da1b5665a41e6309e716dae2667ea6fc' (1,102)
2025-12-22 00:38:33: Copy New 'C:/Users/grabacr/VPSsync/01-WorkspaceSync/modelica-shared/CustomLib/FluidSystemComponents/.git/objects/8c/78d69f2eab0a342e2b7f335c0fc477934e0bca' -> 'sftp://os3-310-44666.vs.sakura.ne.jp/home/ubuntu/VPSsync/01-WorkspaceSync/modelica-shared/CustomLib/FluidSystemComponents/.git/objects/8c/78d69f2eab0a342e2b7f335c0fc477934e0bca' (3,198)
2025-12-22 00:38:33: Copy New 'C:/Users/grabacr/VPSsync/01-WorkspaceSync/modelica-shared/CustomLib/FluidSystemComponents/.git/objects/8e/26d57ac08fc5e671cef2b1fbbb1e25b32ebc1b' -> 'sftp://os3-310-44666.vs.sakura.ne.jp/home/ubuntu/VPSsync/01-WorkspaceSync/modelica-shared/CustomLib/FluidSystemComponents/.git/objects/8e/26d57ac08fc5e671cef2b1fbbb1e25b32ebc1b' (52,223)
2025-12-22 00:38:33: Copy New 'C:/Users/grabacr/VPSsync/01-WorkspaceSync/modelica-shared/CustomLib/FluidSystemComponents/.git/objects/8d/344a872eaa336a3e02ff5fc66477aaca1b0468' -> 'sftp://os3-310-44666.vs.sakura.ne.jp/home/ubuntu/VPSsync/01-WorkspaceSync/modelica-shared/CustomLib/FluidSystemComponents/.git/objects/8d/344a872eaa336a3e02ff5fc66477aaca1b0468' (670)
2025-12-22 00:38:33: Copy New 'C:/Users/grabacr/VPSsync/01-WorkspaceSync/modelica-shared/CustomLib/FluidSystemComponents/.git/objects/8d/72b5076f625f65a0f64db30119db35662f89c2' -> 'sftp://os3-310-44666.vs.sakura.ne.jp/home/ubuntu/VPSsync/01-WorkspaceSync/modelica-shared/CustomLib/FluidSystemComponents/.git/objects/8d/72b5076f625f65a0f64db30119db35662f89c2' (3,212)
2025-12-22 00:38:33: Copy New 'C:/Users/grabacr/VPSsync/01-WorkspaceSync/modelica-shared/CustomLib/FluidSystemComponents/.git/objects/91/83098f15be82fe83c88179cdcffcdd56d13847' -> 'sftp://os3-310-44666.vs.sakura.ne.jp/home/ubuntu/VPSsync/01-WorkspaceSync/modelica-shared/CustomLib/FluidSystemComponents/.git/objects/91/83098f15be82fe83c88179cdcffcdd56d13847' (981)
2025-12-22 00:38:33: Copy New 'C:/Users/grabacr/VPSsync/01-WorkspaceSync/modelica-shared/CustomLib/FluidSystemComponents/.git/objects/94/969dc157c3944312e2680c6544f6e579af5ded' -> 'sftp://os3-310-44666.vs.sakura.ne.jp/home/ubuntu/VPSsync/01-WorkspaceSync/modelica-shared/CustomLib/FluidSystemComponents/.git/objects/94/969dc157c3944312e2680c6544f6e579af5ded' (52,224)
2025-12-22 00:38:34: Copy New 'C:/Users/grabacr/VPSsync/01-WorkspaceSync/modelica-shared/CustomLib/FluidSystemComponents/.git/objects/a2/c5526f5ec468595997669366daab30d385ee9e' -> 'sftp://os3-310-44666.vs.sakura.ne.jp/home/ubuntu/VPSsync/01-WorkspaceSync/modelica-shared/CustomLib/FluidSystemComponents/.git/objects/a2/c5526f5ec468595997669366daab30d385ee9e' (52,252)
2025-12-22 00:38:34: Copy New 'C:/Users/grabacr/VPSsync/01-WorkspaceSync/modelica-shared/CustomLib/FluidSystemComponents/.git/objects/a5/673a24473345dcc8fbb385fe68b2de807e38df' -> 'sftp://os3-310-44666.vs.sakura.ne.jp/home/ubuntu/VPSsync/01-WorkspaceSync/modelica-shared/CustomLib/FluidSystemComponents/.git/objects/a5/673a24473345dcc8fbb385fe68b2de807e38df' (1,177)
2025-12-22 00:38:34: Copy New 'C:/Users/grabacr/VPSsync/01-WorkspaceSync/modelica-shared/CustomLib/FluidSystemComponents/.git/objects/a2/de1a15e93f746642abafe8798870eedd76398e' -> 'sftp://os3-310-44666.vs.sakura.ne.jp/home/ubuntu/VPSsync/01-WorkspaceSync/modelica-shared/CustomLib/FluidSystemComponents/.git/objects/a2/de1a15e93f746642abafe8798870eedd76398e' (52,232)
2025-12-22 00:38:34: Copy New 'C:/Users/grabacr/VPSsync/01-WorkspaceSync/modelica-shared/CustomLib/FluidSystemComponents/.git/objects/a9/90293485f925370bdbbcb81a108cf0a175c7f7' -> 'sftp://os3-310-44666.vs.sakura.ne.jp/home/ubuntu/VPSsync/01-WorkspaceSync/modelica-shared/CustomLib/FluidSystemComponents/.git/objects/a9/90293485f925370bdbbcb81a108cf0a175c7f7' (3,221)
2025-12-22 00:38:34: Copy New 'C:/Users/grabacr/VPSsync/01-WorkspaceSync/modelica-shared/CustomLib/FluidSystemComponents/.git/objects/ab/b203c75eb5b9f08977f99776d0851ad6d69939' -> 'sftp://os3-310-44666.vs.sakura.ne.jp/home/ubuntu/VPSsync/01-WorkspaceSync/modelica-shared/CustomLib/FluidSystemComponents/.git/objects/ab/b203c75eb5b9f08977f99776d0851ad6d69939' (52,225)
2025-12-22 00:38:34: Copy New 'C:/Users/grabacr/VPSsync/01-WorkspaceSync/modelica-shared/CustomLib/FluidSystemComponents/.git/objects/ae/49ff240f7437bca689edc498a779768fb73987' -> 'sftp://os3-310-44666.vs.sakura.ne.jp/home/ubuntu/VPSsync/01-WorkspaceSync/modelica-shared/CustomLib/FluidSystemComponents/.git/objects/ae/49ff240f7437bca689edc498a779768fb73987' (52,219)
2025-12-22 00:38:34: Copy New 'C:/Users/grabacr/VPSsync/01-WorkspaceSync/modelica-shared/CustomLib/FluidSystemComponents/.git/objects/af/4f8fd8d2e612b050f9761f0b26ea6768700153' -> 'sftp://os3-310-44666.vs.sakura.ne.jp/home/ubuntu/VPSsync/01-WorkspaceSync/modelica-shared/CustomLib/FluidSystemComponents/.git/objects/af/4f8fd8d2e612b050f9761f0b26ea6768700153' (52,262)
2025-12-22 00:38:34: Copy New 'C:/Users/grabacr/VPSsync/01-WorkspaceSync/modelica-shared/CustomLib/FluidSystemComponents/.git/objects/b6/a5562a210559270cb5687537a8cc2d2f2575e1' -> 'sftp://os3-310-44666.vs.sakura.ne.jp/home/ubuntu/VPSsync/01-WorkspaceSync/modelica-shared/CustomLib/FluidSystemComponents/.git/objects/b6/a5562a210559270cb5687537a8cc2d2f2575e1' (537)
2025-12-22 00:38:34: Copy New 'C:/Users/grabacr/VPSsync/01-WorkspaceSync/modelica-shared/CustomLib/FluidSystemComponents/.git/objects/b3/7220885836d6ff52fd54aae6b9bb2f5b0a9ee0' -> 'sftp://os3-310-44666.vs.sakura.ne.jp/home/ubuntu/VPSsync/01-WorkspaceSync/modelica-shared/CustomLib/FluidSystemComponents/.git/objects/b3/7220885836d6ff52fd54aae6b9bb2f5b0a9ee0' (52,203)
2025-12-22 00:38:35: Copy New 'C:/Users/grabacr/VPSsync/01-WorkspaceSync/modelica-shared/CustomLib/FluidSystemComponents/.git/objects/b8/1c2c6f23b8f6e46be3c2c67072b0d3ec73f7a0' -> 'sftp://os3-310-44666.vs.sakura.ne.jp/home/ubuntu/VPSsync/01-WorkspaceSync/modelica-shared/CustomLib/FluidSystemComponents/.git/objects/b8/1c2c6f23b8f6e46be3c2c67072b0d3ec73f7a0' (1,172)
2025-12-22 00:38:35: Copy New 'C:/Users/grabacr/VPSsync/01-WorkspaceSync/modelica-shared/CustomLib/FluidSystemComponents/.git/objects/bb/e4742e366c585be80902f118746de3c0084b02' -> 'sftp://os3-310-44666.vs.sakura.ne.jp/home/ubuntu/VPSsync/01-WorkspaceSync/modelica-shared/CustomLib/FluidSystemComponents/.git/objects/bb/e4742e366c585be80902f118746de3c0084b02' (526)
2025-12-22 00:38:35: Copy New 'C:/Users/grabacr/VPSsync/01-WorkspaceSync/modelica-shared/CustomLib/FluidSystemComponents/.git/objects/b8/372e6d73db4b0b24146c13cb37bc40ab724e25' -> 'sftp://os3-310-44666.vs.sakura.ne.jp/home/ubuntu/VPSsync/01-WorkspaceSync/modelica-shared/CustomLib/FluidSystemComponents/.git/objects/b8/372e6d73db4b0b24146c13cb37bc40ab724e25' (3,182)
2025-12-22 00:38:35: Copy New 'C:/Users/grabacr/VPSsync/01-WorkspaceSync/modelica-shared/CustomLib/FluidSystemComponents/.git/objects/bd/b2ba81642b277197cd7c3ef508380aafee2443' -> 'sftp://os3-310-44666.vs.sakura.ne.jp/home/ubuntu/VPSsync/01-WorkspaceSync/modelica-shared/CustomLib/FluidSystemComponents/.git/objects/bd/b2ba81642b277197cd7c3ef508380aafee2443' (3,205)
2025-12-22 00:38:35: Copy New 'C:/Users/grabacr/VPSsync/01-WorkspaceSync/modelica-shared/CustomLib/FluidSystemComponents/.git/objects/be/09effcfedbecdcc03c53d508377a64f680063e' -> 'sftp://os3-310-44666.vs.sakura.ne.jp/home/ubuntu/VPSsync/01-WorkspaceSync/modelica-shared/CustomLib/FluidSystemComponents/.git/objects/be/09effcfedbecdcc03c53d508377a64f680063e' (1,054)
2025-12-22 00:38:35: Copy New 'C:/Users/grabacr/VPSsync/01-WorkspaceSync/modelica-shared/CustomLib/FluidSystemComponents/.git/objects/be/b294663812e4f5fda2da79641d3ac83975dcb7' -> 'sftp://os3-310-44666.vs.sakura.ne.jp/home/ubuntu/VPSsync/01-WorkspaceSync/modelica-shared/CustomLib/FluidSystemComponents/.git/objects/be/b294663812e4f5fda2da79641d3ac83975dcb7' (828)
2025-12-22 00:38:35: Copy New 'C:/Users/grabacr/VPSsync/01-WorkspaceSync/modelica-shared/CustomLib/FluidSystemComponents/.git/objects/c0/4b881fd8ace19d7021e8489436971be75597a7' -> 'sftp://os3-310-44666.vs.sakura.ne.jp/home/ubuntu/VPSsync/01-WorkspaceSync/modelica-shared/CustomLib/FluidSystemComponents/.git/objects/c0/4b881fd8ace19d7021e8489436971be75597a7' (52,228)
2025-12-22 00:38:35: Copy New 'C:/Users/grabacr/VPSsync/01-WorkspaceSync/modelica-shared/CustomLib/FluidSystemComponents/.git/objects/c2/d8af9a94482042668501511cf2237c790b3d0b' -> 'sftp://os3-310-44666.vs.sakura.ne.jp/home/ubuntu/VPSsync/01-WorkspaceSync/modelica-shared/CustomLib/FluidSystemComponents/.git/objects/c2/d8af9a94482042668501511cf2237c790b3d0b' (3,195)
2025-12-22 00:38:35: Copy New 'C:/Users/grabacr/VPSsync/01-WorkspaceSync/modelica-shared/CustomLib/FluidSystemComponents/.git/objects/c2/01a24fa70d7fa13e15a536b9ed01832e1fbf3c' -> 'sftp://os3-310-44666.vs.sakura.ne.jp/home/ubuntu/VPSsync/01-WorkspaceSync/modelica-shared/CustomLib/FluidSystemComponents/.git/objects/c2/01a24fa70d7fa13e15a536b9ed01832e1fbf3c' (52,279)
2025-12-22 00:38:36: Copy New 'C:/Users/grabacr/VPSsync/01-WorkspaceSync/modelica-shared/CustomLib/FluidSystemComponents/.git/objects/c5/06e1e9401c6392895cc21f9933c1beaf96690b' -> 'sftp://os3-310-44666.vs.sakura.ne.jp/home/ubuntu/VPSsync/01-WorkspaceSync/modelica-shared/CustomLib/FluidSystemComponents/.git/objects/c5/06e1e9401c6392895cc21f9933c1beaf96690b' (35,737)
2025-12-22 00:38:36: Copy New 'C:/Users/grabacr/VPSsync/01-WorkspaceSync/modelica-shared/CustomLib/FluidSystemComponents/.git/objects/cc/267877bf37b69b31d1a9c5d59423123d18f3c6' -> 'sftp://os3-310-44666.vs.sakura.ne.jp/home/ubuntu/VPSsync/01-WorkspaceSync/modelica-shared/CustomLib/FluidSystemComponents/.git/objects/cc/267877bf37b69b31d1a9c5d59423123d18f3c6' (178)
2025-12-22 00:38:36: Copy New 'C:/Users/grabacr/VPSsync/01-WorkspaceSync/modelica-shared/CustomLib/FluidSystemComponents/.git/objects/ca/96d000fc9ce83d8837ee29ca8d6934542e6a58' -> 'sftp://os3-310-44666.vs.sakura.ne.jp/home/ubuntu/VPSsync/01-WorkspaceSync/modelica-shared/CustomLib/FluidSystemComponents/.git/objects/ca/96d000fc9ce83d8837ee29ca8d6934542e6a58' (52,206)
2025-12-22 00:38:36: Copy New 'C:/Users/grabacr/VPSsync/01-WorkspaceSync/modelica-shared/CustomLib/FluidSystemComponents/.git/objects/d5/24e5378119adb04fc4fd13a5ace05bffe67a1f' -> 'sftp://os3-310-44666.vs.sakura.ne.jp/home/ubuntu/VPSsync/01-WorkspaceSync/modelica-shared/CustomLib/FluidSystemComponents/.git/objects/d5/24e5378119adb04fc4fd13a5ace05bffe67a1f' (52,205)
2025-12-22 00:38:36: Copy New 'C:/Users/grabacr/VPSsync/01-WorkspaceSync/modelica-shared/CustomLib/FluidSystemComponents/.git/objects/db/606739cf4e86bde79e0753a408c1de5c7d9802' -> 'sftp://os3-310-44666.vs.sakura.ne.jp/home/ubuntu/VPSsync/01-WorkspaceSync/modelica-shared/CustomLib/FluidSystemComponents/.git/objects/db/606739cf4e86bde79e0753a408c1de5c7d9802' (52,234)
2025-12-22 00:38:36: Copy New 'C:/Users/grabacr/VPSsync/01-WorkspaceSync/modelica-shared/CustomLib/FluidSystemComponents/.git/objects/d5/cbb8358971bf0f075f3290a8e3c9b9324b1057' -> 'sftp://os3-310-44666.vs.sakura.ne.jp/home/ubuntu/VPSsync/01-WorkspaceSync/modelica-shared/CustomLib/FluidSystemComponents/.git/objects/d5/cbb8358971bf0f075f3290a8e3c9b9324b1057' (52,235)
2025-12-22 00:38:37: Copy New 'C:/Users/grabacr/VPSsync/01-WorkspaceSync/modelica-shared/CustomLib/FluidSystemComponents/.git/objects/de/772e4caaaa8be8b641dfac9f4398a4ff81d476' -> 'sftp://os3-310-44666.vs.sakura.ne.jp/home/ubuntu/VPSsync/01-WorkspaceSync/modelica-shared/CustomLib/FluidSystemComponents/.git/objects/de/772e4caaaa8be8b641dfac9f4398a4ff81d476' (529)
2025-12-22 00:38:37: Copy New 'C:/Users/grabacr/VPSsync/01-WorkspaceSync/modelica-shared/CustomLib/FluidSystemComponents/.git/objects/dd/6486869baa857a4ce9bad527c26a8d3c45ec87' -> 'sftp://os3-310-44666.vs.sakura.ne.jp/home/ubuntu/VPSsync/01-WorkspaceSync/modelica-shared/CustomLib/FluidSystemComponents/.git/objects/dd/6486869baa857a4ce9bad527c26a8d3c45ec87' (788)
2025-12-22 00:38:37: Copy New 'C:/Users/grabacr/VPSsync/01-WorkspaceSync/modelica-shared/CustomLib/FluidSystemComponents/.git/objects/dd/dbd3d082cdc07f865d85520ef271ddbc426a56' -> 'sftp://os3-310-44666.vs.sakura.ne.jp/home/ubuntu/VPSsync/01-WorkspaceSync/modelica-shared/CustomLib/FluidSystemComponents/.git/objects/dd/dbd3d082cdc07f865d85520ef271ddbc426a56' (52,205)
2025-12-22 00:38:37: Copy New 'C:/Users/grabacr/VPSsync/01-WorkspaceSync/modelica-shared/CustomLib/FluidSystemComponents/.git/objects/df/c414958cfb02f91989bddb224c9b886237e6d9' -> 'sftp://os3-310-44666.vs.sakura.ne.jp/home/ubuntu/VPSsync/01-WorkspaceSync/modelica-shared/CustomLib/FluidSystemComponents/.git/objects/df/c414958cfb02f91989bddb224c9b886237e6d9' (995)
2025-12-22 00:38:37: Copy New 'C:/Users/grabacr/VPSsync/01-WorkspaceSync/modelica-shared/CustomLib/FluidSystemComponents/.git/objects/e3/93c7406a2a9c22f331461a14734f23a7be65ec' -> 'sftp://os3-310-44666.vs.sakura.ne.jp/home/ubuntu/VPSsync/01-WorkspaceSync/modelica-shared/CustomLib/FluidSystemComponents/.git/objects/e3/93c7406a2a9c22f331461a14734f23a7be65ec' (984)
2025-12-22 00:38:38: Copy New 'C:/Users/grabacr/VPSsync/01-WorkspaceSync/modelica-shared/CustomLib/FluidSystemComponents/.git/objects/e3/d4d3a428c91fff839f39cda17dcc9029bad2e2' -> 'sftp://os3-310-44666.vs.sakura.ne.jp/home/ubuntu/VPSsync/01-WorkspaceSync/modelica-shared/CustomLib/FluidSystemComponents/.git/objects/e3/d4d3a428c91fff839f39cda17dcc9029bad2e2' (52,429)
2025-12-22 00:38:38: Copy New 'C:/Users/grabacr/VPSsync/01-WorkspaceSync/modelica-shared/CustomLib/FluidSystemComponents/.git/objects/e4/405e592c702e3913b42dcd6d93085d1d176d0d' -> 'sftp://os3-310-44666.vs.sakura.ne.jp/home/ubuntu/VPSsync/01-WorkspaceSync/modelica-shared/CustomLib/FluidSystemComponents/.git/objects/e4/405e592c702e3913b42dcd6d93085d1d176d0d' (52,245)
2025-12-22 00:38:38: Copy New 'C:/Users/grabacr/VPSsync/01-WorkspaceSync/modelica-shared/CustomLib/FluidSystemComponents/.git/objects/e6/b9cfc941c69467880b0318ae56543ec5f0183e' -> 'sftp://os3-310-44666.vs.sakura.ne.jp/home/ubuntu/VPSsync/01-WorkspaceSync/modelica-shared/CustomLib/FluidSystemComponents/.git/objects/e6/b9cfc941c69467880b0318ae56543ec5f0183e' (52,352)
2025-12-22 00:38:38: Copy New 'C:/Users/grabacr/VPSsync/01-WorkspaceSync/modelica-shared/CustomLib/FluidSystemComponents/.git/objects/ec/35706677aa93d25ad9e8309dc963dda0052c32' -> 'sftp://os3-310-44666.vs.sakura.ne.jp/home/ubuntu/VPSsync/01-WorkspaceSync/modelica-shared/CustomLib/FluidSystemComponents/.git/objects/ec/35706677aa93d25ad9e8309dc963dda0052c32' (3,175)
2025-12-22 00:38:38: Copy New 'C:/Users/grabacr/VPSsync/01-WorkspaceSync/modelica-shared/CustomLib/FluidSystemComponents/.git/objects/ec/4e0900186c9787a576d638b0ffb755b5a617ef' -> 'sftp://os3-310-44666.vs.sakura.ne.jp/home/ubuntu/VPSsync/01-WorkspaceSync/modelica-shared/CustomLib/FluidSystemComponents/.git/objects/ec/4e0900186c9787a576d638b0ffb755b5a617ef' (3,199)
2025-12-22 00:38:38: Copy New 'C:/Users/grabacr/VPSsync/01-WorkspaceSync/modelica-shared/CustomLib/FluidSystemComponents/.git/objects/e8/e317190e016dbb56b10e2b3777ac6193009ed1' -> 'sftp://os3-310-44666.vs.sakura.ne.jp/home/ubuntu/VPSsync/01-WorkspaceSync/modelica-shared/CustomLib/FluidSystemComponents/.git/objects/e8/e317190e016dbb56b10e2b3777ac6193009ed1' (52,224)
2025-12-22 00:38:38: Copy New 'C:/Users/grabacr/VPSsync/01-WorkspaceSync/modelica-shared/CustomLib/FluidSystemComponents/.git/objects/f5/e0c20b3d13893d08844a9b5fee11d5f1c14462' -> 'sftp://os3-310-44666.vs.sakura.ne.jp/home/ubuntu/VPSsync/01-WorkspaceSync/modelica-shared/CustomLib/FluidSystemComponents/.git/objects/f5/e0c20b3d13893d08844a9b5fee11d5f1c14462' (1,045)
2025-12-22 00:38:38: Copy New 'C:/Users/grabacr/VPSsync/01-WorkspaceSync/modelica-shared/CustomLib/FluidSystemComponents/.git/objects/f9/30c63abee6c4616d7c3982d091a09ef82b8652' -> 'sftp://os3-310-44666.vs.sakura.ne.jp/home/ubuntu/VPSsync/01-WorkspaceSync/modelica-shared/CustomLib/FluidSystemComponents/.git/objects/f9/30c63abee6c4616d7c3982d091a09ef82b8652' (994)
2025-12-22 00:38:38: Copy New 'C:/Users/grabacr/VPSsync/01-WorkspaceSync/modelica-shared/CustomLib/FluidSystemComponents/.git/objects/f2/5d47488cc2e76d7c05f7ce029d8a9f39f5d175' -> 'sftp://os3-310-44666.vs.sakura.ne.jp/home/ubuntu/VPSsync/01-WorkspaceSync/modelica-shared/CustomLib/FluidSystemComponents/.git/objects/f2/5d47488cc2e76d7c05f7ce029d8a9f39f5d175' (52,240)
2025-12-22 00:38:38: Copy Over 'C:/Users/grabacr/VPSsync/01-WorkspaceSync/modelica-shared/CustomLib/FluidSystemComponents/Compressible/Components/ObliqueShock00.mo' -> 'sftp://os3-310-44666.vs.sakura.ne.jp/home/ubuntu/VPSsync/01-WorkspaceSync/modelica-shared/CustomLib/FluidSystemComponents/Compressible/Components/ObliqueShock00.mo' (8,087)
2025-12-22 00:38:38: Copy Over 'C:/Users/grabacr/VPSsync/01-WorkspaceSync/modelica-shared/CustomLib/FluidSystemComponents/Compressible/Components/package.order' -> 'sftp://os3-310-44666.vs.sakura.ne.jp/home/ubuntu/VPSsync/01-WorkspaceSync/modelica-shared/CustomLib/FluidSystemComponents/Compressible/Components/package.order' (222)
2025-12-22 00:38:38: C:/Users/grabacr/VPSsync/01-WorkspaceSync/modelica-shared/CustomLib/FluidSystemComponents/.git/sourcetreeconfig.json: Source file has changed between Analyze and Sync from '[file] size=897 accu-time=2025-12-22 00:38:09 attr=Archive,WArchive cktype=0' to 'size=898 time=2025-12-22 00:38:33', noted in source file state
2025-12-22 00:38:38: Copy Over 'C:/Users/grabacr/VPSsync/01-WorkspaceSync/modelica-shared/CustomLib/FluidSystemComponents/.git/sourcetreeconfig.json' -> 'sftp://os3-310-44666.vs.sakura.ne.jp/home/ubuntu/VPSsync/01-WorkspaceSync/modelica-shared/CustomLib/FluidSystemComponents/.git/sourcetreeconfig.json' (897)
2025-12-22 00:38:39: Save State File C:/Users/grabacr/VPSsync/01-WorkspaceSync/modelica-shared/CustomLib/FluidSystemComponents/_gsdata_/_file_state_v4._gs
2025-12-22 00:38:40: Save State File sftp://os3-310-44666.vs.sakura.ne.jp/home/ubuntu/VPSsync/01-WorkspaceSync/modelica-shared/CustomLib/FluidSystemComponents/_gsdata_/_file_state_v4._gs
2025-12-22 00:39:03: == Sync Complete. Time: 00:00:38, Speed: 178.05 KB/s, OK: 114, Errors: 0
