2025-12-30 07:06:46: Server: SSH-2.0-OpenSSH_9.6p1 Ubuntu-3ubuntu13.14
2025-12-30 07:06:46: Server KEXes: sntrup761x25519-sha512@openssh.com,curve25519-sha256,curve25519-sha256@libssh.org,ecdh-sha2-nistp256,ecdh-sha2-nistp384,ecdh-sha2-nistp521,diffie-hellman-group-exchange-sha256,diffie-hellman-group16-sha512,diffie-hellman-group18-sha512,diffie-hellman-group14-sha256,ext-info-s,kex-strict-s-v00@openssh.com
2025-12-30 07:06:46: Server Host Keys: rsa-sha2-512,rsa-sha2-256,ecdsa-sha2-nistp256,ssh-ed25519
2025-12-30 07:06:46: Chosen Host Key: ssh-ed25519
2025-12-30 07:06:46: Ciphers: chacha20-poly1305@openssh.com,aes128-ctr,aes192-ctr,aes256-ctr,aes128-gcm@openssh.com,aes256-gcm@openssh.com
2025-12-30 07:06:46: MACs: umac-64-etm@openssh.com,umac-128-etm@openssh.com,hmac-sha2-256-etm@openssh.com,hmac-sha2-512-etm@openssh.com,hmac-sha1-etm@openssh.com,umac-64@openssh.com,umac-128@openssh.com,hmac-sha2-256,hmac-sha2-512,hmac-sha1
2025-12-30 07:06:46: Auth: start: publickey
2025-12-30 07:06:46: Auth: publickey: no keys available
2025-12-30 07:06:46: Auth: start: password
2025-12-30 07:06:47: -- Analysis Started by Periodic Timer
2025-12-30 07:06:47: L: Reading State File C:/Users/grabacr/VPSsync/01-WorkspaceSync/modelica-shared/CustomLib/FluidSystemComponents/_gsdata_/_file_state_v4._gs
2025-12-30 07:06:48: R: Reading State File sftp://os3-310-44666.vs.sakura.ne.jp/home/ubuntu/VPSsync/01-WorkspaceSync/modelica-shared/CustomLib/FluidSystemComponents/_gsdata_/_file_state_v4._gs
2025-12-30 07:07:10: /.git/FETCH_HEAD: L:TimeSize<>; Conflict: File Modified on Both Sides
2025-12-30 07:07:10: /MSLfluidWithVisualization/CommonBaseClasses/package.order: L:TimeSize<>; Conflict: File Modified on Both Sides
2025-12-30 07:07:10: /MSLfluidWithVisualization/Examples/package.order: L:TimeSize<>; Conflict: File Modified on Both Sides
2025-12-30 07:07:10: /MSLfluidWithVisualization/Fittings/BaseClasses/package.order: L:TimeSize<>; Conflict: File Modified on Both Sides
2025-12-30 07:07:10: /MSLfluidWithVisualization/Fittings/Examples/package.order: L:TimeSize<>; Conflict: File Modified on Both Sides
2025-12-30 07:07:10: /MSLfluidWithVisualization/Fittings/package.order: L:TimeSize<>; Conflict: File Modified on Both Sides
2025-12-30 07:07:10: /MSLfluidWithVisualization/package.order: L:TimeSize<>; Conflict: File Modified on Both Sides
2025-12-30 07:07:10: /MSLfluidWithVisualization/Sources/BaseClasses/package.order: L:TimeSize<>; Conflict: File Modified on Both Sides
2025-12-30 07:07:10: /MSLfluidWithVisualization/Sources/package.order: L:TimeSize<>; Conflict: File Modified on Both Sides
2025-12-30 07:07:10: /MSLfluidWithVisualization/Vessels/BaseClasses/package.order: L:TimeSize<>; Conflict: File Modified on Both Sides
2025-12-30 07:07:10: /MSLfluidWithVisualization/Vessels/Examples/package.order: L:TimeSize<>; Conflict: File Modified on Both Sides
2025-12-30 07:07:10: /MSLfluidWithVisualization/Vessels/package.order: L:TimeSize<>; Conflict: File Modified on Both Sides
2025-12-30 07:07:10: Analyze has finished with Conflicts. Resolve Conflicts by selecting the correct sync direction, then click Sync
2025-12-30 07:07:10: Changes: 12, Conflicts: 12, CopyTime: 0, FixState: 0, Errors: 0, All: 6668
2025-12-30 07:07:10: == Sync Started by Periodic Timer
2025-12-30 07:07:10: ConnectCloned connected to file:///~grabacr/VPSsync/01-WorkspaceSync/modelica-shared/CustomLib/FluidSystemComponents
2025-12-30 07:07:10: ConnectCloned connected to file:///~grabacr/VPSsync/01-WorkspaceSync/modelica-shared/CustomLib/FluidSystemComponents
2025-12-30 07:07:10: ConnectCloned connected to file:///~grabacr/VPSsync/01-WorkspaceSync/modelica-shared/CustomLib/FluidSystemComponents
2025-12-30 07:07:10: Server: SSH-2.0-OpenSSH_9.6p1 Ubuntu-3ubuntu13.14
2025-12-30 07:07:10: Server: SSH-2.0-OpenSSH_9.6p1 Ubuntu-3ubuntu13.14
2025-12-30 07:07:10: Server: SSH-2.0-OpenSSH_9.6p1 Ubuntu-3ubuntu13.14
2025-12-30 07:07:10: Server KEXes: sntrup761x25519-sha512@openssh.com,curve25519-sha256,curve25519-sha256@libssh.org,ecdh-sha2-nistp256,ecdh-sha2-nistp384,ecdh-sha2-nistp521,diffie-hellman-group-exchange-sha256,diffie-hellman-group16-sha512,diffie-hellman-group18-sha512,diffie-hellman-group14-sha256,ext-info-s,kex-strict-s-v00@openssh.com
2025-12-30 07:07:10: Server Host Keys: rsa-sha2-512,rsa-sha2-256,ecdsa-sha2-nistp256,ssh-ed25519
2025-12-30 07:07:10: Chosen Host Key: ssh-ed25519
2025-12-30 07:07:10: Ciphers: chacha20-poly1305@openssh.com,aes128-ctr,aes192-ctr,aes256-ctr,aes128-gcm@openssh.com,aes256-gcm@openssh.com
2025-12-30 07:07:10: MACs: umac-64-etm@openssh.com,umac-128-etm@openssh.com,hmac-sha2-256-etm@openssh.com,hmac-sha2-512-etm@openssh.com,hmac-sha1-etm@openssh.com,umac-64@openssh.com,umac-128@openssh.com,hmac-sha2-256,hmac-sha2-512,hmac-sha1
2025-12-30 07:07:10: Server KEXes: sntrup761x25519-sha512@openssh.com,curve25519-sha256,curve25519-sha256@libssh.org,ecdh-sha2-nistp256,ecdh-sha2-nistp384,ecdh-sha2-nistp521,diffie-hellman-group-exchange-sha256,diffie-hellman-group16-sha512,diffie-hellman-group18-sha512,diffie-hellman-group14-sha256,ext-info-s,kex-strict-s-v00@openssh.com
2025-12-30 07:07:10: Server Host Keys: rsa-sha2-512,rsa-sha2-256,ecdsa-sha2-nistp256,ssh-ed25519
2025-12-30 07:07:10: Chosen Host Key: ssh-ed25519
2025-12-30 07:07:10: Ciphers: chacha20-poly1305@openssh.com,aes128-ctr,aes192-ctr,aes256-ctr,aes128-gcm@openssh.com,aes256-gcm@openssh.com
2025-12-30 07:07:10: MACs: umac-64-etm@openssh.com,umac-128-etm@openssh.com,hmac-sha2-256-etm@openssh.com,hmac-sha2-512-etm@openssh.com,hmac-sha1-etm@openssh.com,umac-64@openssh.com,umac-128@openssh.com,hmac-sha2-256,hmac-sha2-512,hmac-sha1
2025-12-30 07:07:10: Server KEXes: sntrup761x25519-sha512@openssh.com,curve25519-sha256,curve25519-sha256@libssh.org,ecdh-sha2-nistp256,ecdh-sha2-nistp384,ecdh-sha2-nistp521,diffie-hellman-group-exchange-sha256,diffie-hellman-group16-sha512,diffie-hellman-group18-sha512,diffie-hellman-group14-sha256,ext-info-s,kex-strict-s-v00@openssh.com
2025-12-30 07:07:10: Server Host Keys: rsa-sha2-512,rsa-sha2-256,ecdsa-sha2-nistp256,ssh-ed25519
2025-12-30 07:07:10: Chosen Host Key: ssh-ed25519
2025-12-30 07:07:10: Ciphers: chacha20-poly1305@openssh.com,aes128-ctr,aes192-ctr,aes256-ctr,aes128-gcm@openssh.com,aes256-gcm@openssh.com
2025-12-30 07:07:10: MACs: umac-64-etm@openssh.com,umac-128-etm@openssh.com,hmac-sha2-256-etm@openssh.com,hmac-sha2-512-etm@openssh.com,hmac-sha1-etm@openssh.com,umac-64@openssh.com,umac-128@openssh.com,hmac-sha2-256,hmac-sha2-512,hmac-sha1
2025-12-30 07:07:10: Auth: start: publickey
2025-12-30 07:07:10: Auth: publickey: no keys available
2025-12-30 07:07:10: Auth: start: password
2025-12-30 07:07:10: Auth: start: publickey
2025-12-30 07:07:10: Auth: publickey: no keys available
2025-12-30 07:07:10: Auth: start: password
2025-12-30 07:07:10: Auth: start: publickey
2025-12-30 07:07:10: Auth: publickey: no keys available
2025-12-30 07:07:10: Auth: start: password
2025-12-30 07:07:11: GsConnectAndSetRoot1 connected to sftp://os3-310-44666.vs.sakura.ne.jp/home/ubuntu/VPSsync/01-WorkspaceSync/modelica-shared/CustomLib/FluidSystemComponents
2025-12-30 07:07:11: GsConnectAndSetRoot1 connected to sftp://os3-310-44666.vs.sakura.ne.jp/home/ubuntu/VPSsync/01-WorkspaceSync/modelica-shared/CustomLib/FluidSystemComponents
2025-12-30 07:07:11: GsConnectAndSetRoot1 connected to sftp://os3-310-44666.vs.sakura.ne.jp/home/ubuntu/VPSsync/01-WorkspaceSync/modelica-shared/CustomLib/FluidSystemComponents
2025-12-30 07:07:11: /.git/FETCH_HEAD: unresolved conflict results in No Copy
2025-12-30 07:07:11: /MSLfluidWithVisualization/Examples/package.order: unresolved conflict results in No Copy
2025-12-30 07:07:11: /MSLfluidWithVisualization/CommonBaseClasses/package.order: unresolved conflict results in No Copy
2025-12-30 07:07:11: /MSLfluidWithVisualization/package.order: unresolved conflict results in No Copy
2025-12-30 07:07:11: /MSLfluidWithVisualization/Fittings/package.order: unresolved conflict results in No Copy
2025-12-30 07:07:11: /MSLfluidWithVisualization/Fittings/BaseClasses/package.order: unresolved conflict results in No Copy
2025-12-30 07:07:11: /MSLfluidWithVisualization/Sources/package.order: unresolved conflict results in No Copy
2025-12-30 07:07:11: /MSLfluidWithVisualization/Fittings/Examples/package.order: unresolved conflict results in No Copy
2025-12-30 07:07:11: /MSLfluidWithVisualization/Sources/BaseClasses/package.order: unresolved conflict results in No Copy
2025-12-30 07:07:11: /MSLfluidWithVisualization/Vessels/BaseClasses/package.order: unresolved conflict results in No Copy
2025-12-30 07:07:11: /MSLfluidWithVisualization/Vessels/Examples/package.order: unresolved conflict results in No Copy
2025-12-30 07:07:11: /MSLfluidWithVisualization/Vessels/package.order: unresolved conflict results in No Copy
2025-12-30 07:07:11: Save State File C:/Users/grabacr/VPSsync/01-WorkspaceSync/modelica-shared/CustomLib/FluidSystemComponents/_gsdata_/_file_state_v4._gs
2025-12-30 07:07:12: Save State File sftp://os3-310-44666.vs.sakura.ne.jp/home/ubuntu/VPSsync/01-WorkspaceSync/modelica-shared/CustomLib/FluidSystemComponents/_gsdata_/_file_state_v4._gs
2025-12-30 07:08:00: == Sync Complete. Time: 00:00:50, Speed: 0.00/s, OK: 0, Errors: 0, Conflicts: 12
