2025-12-22 01:00:25: Server: SSH-2.0-OpenSSH_9.6p1 Ubuntu-3ubuntu13.14
2025-12-22 01:00:25: Server KEXes: sntrup761x25519-sha512@openssh.com,curve25519-sha256,curve25519-sha256@libssh.org,ecdh-sha2-nistp256,ecdh-sha2-nistp384,ecdh-sha2-nistp521,diffie-hellman-group-exchange-sha256,diffie-hellman-group16-sha512,diffie-hellman-group18-sha512,diffie-hellman-group14-sha256,ext-info-s,kex-strict-s-v00@openssh.com
2025-12-22 01:00:25: Server Host Keys: rsa-sha2-512,rsa-sha2-256,ecdsa-sha2-nistp256,ssh-ed25519
2025-12-22 01:00:25: Chosen Host Key: ssh-ed25519
2025-12-22 01:00:25: Ciphers: chacha20-poly1305@openssh.com,aes128-ctr,aes192-ctr,aes256-ctr,aes128-gcm@openssh.com,aes256-gcm@openssh.com
2025-12-22 01:00:25: MACs: umac-64-etm@openssh.com,umac-128-etm@openssh.com,hmac-sha2-256-etm@openssh.com,hmac-sha2-512-etm@openssh.com,hmac-sha1-etm@openssh.com,umac-64@openssh.com,umac-128@openssh.com,hmac-sha2-256,hmac-sha2-512,hmac-sha1
2025-12-22 01:00:25: Auth: start: publickey
2025-12-22 01:00:25: Auth: publickey: no keys available
2025-12-22 01:00:25: Auth: start: password
2025-12-22 01:00:27: -- Analysis Started by On File Change, After Delay
2025-12-22 01:00:27: L: State File has changed, so re-read it: C:/Users/grabacr/VPSsync/01-WorkspaceSync/modelica-shared/CustomLib/FluidSystemComponents/_gsdata_/_file_state_v4._gs
2025-12-22 01:00:27: L: Reading State File C:/Users/grabacr/VPSsync/01-WorkspaceSync/modelica-shared/CustomLib/FluidSystemComponents/_gsdata_/_file_state_v4._gs
2025-12-22 01:00:27: R: State File has changed, so re-read it: sftp://os3-310-44666.vs.sakura.ne.jp/home/ubuntu/VPSsync/01-WorkspaceSync/modelica-shared/CustomLib/FluidSystemComponents/_gsdata_/_file_state_v4._gs
2025-12-22 01:00:27: R: Reading State File sftp://os3-310-44666.vs.sakura.ne.jp/home/ubuntu/VPSsync/01-WorkspaceSync/modelica-shared/CustomLib/FluidSystemComponents/_gsdata_/_file_state_v4._gs
2025-12-22 01:00:27: Changes: 2, Conflicts: 0, CopyTime: 0, FixState: 0, Errors: 0, All: 6194
2025-12-22 01:00:27: Left to Right: Copy File: 2 
2025-12-22 01:00:27: == Sync Started by On File Change, After Delay
2025-12-22 01:00:28: Start only 2 threads, limited by tasks to run
2025-12-22 01:00:28: ConnectCloned connected to file:///~grabacr/VPSsync/01-WorkspaceSync/modelica-shared/CustomLib/FluidSystemComponents
2025-12-22 01:00:28: ConnectCloned connected to file:///~grabacr/VPSsync/01-WorkspaceSync/modelica-shared/CustomLib/FluidSystemComponents
2025-12-22 01:00:28: Server: SSH-2.0-OpenSSH_9.6p1 Ubuntu-3ubuntu13.14
2025-12-22 01:00:28: Server: SSH-2.0-OpenSSH_9.6p1 Ubuntu-3ubuntu13.14
2025-12-22 01:00:28: Server KEXes: sntrup761x25519-sha512@openssh.com,curve25519-sha256,curve25519-sha256@libssh.org,ecdh-sha2-nistp256,ecdh-sha2-nistp384,ecdh-sha2-nistp521,diffie-hellman-group-exchange-sha256,diffie-hellman-group16-sha512,diffie-hellman-group18-sha512,diffie-hellman-group14-sha256,ext-info-s,kex-strict-s-v00@openssh.com
2025-12-22 01:00:28: Server Host Keys: rsa-sha2-512,rsa-sha2-256,ecdsa-sha2-nistp256,ssh-ed25519
2025-12-22 01:00:28: Chosen Host Key: ssh-ed25519
2025-12-22 01:00:28: Ciphers: chacha20-poly1305@openssh.com,aes128-ctr,aes192-ctr,aes256-ctr,aes128-gcm@openssh.com,aes256-gcm@openssh.com
2025-12-22 01:00:28: MACs: umac-64-etm@openssh.com,umac-128-etm@openssh.com,hmac-sha2-256-etm@openssh.com,hmac-sha2-512-etm@openssh.com,hmac-sha1-etm@openssh.com,umac-64@openssh.com,umac-128@openssh.com,hmac-sha2-256,hmac-sha2-512,hmac-sha1
2025-12-22 01:00:28: Server KEXes: sntrup761x25519-sha512@openssh.com,curve25519-sha256,curve25519-sha256@libssh.org,ecdh-sha2-nistp256,ecdh-sha2-nistp384,ecdh-sha2-nistp521,diffie-hellman-group-exchange-sha256,diffie-hellman-group16-sha512,diffie-hellman-group18-sha512,diffie-hellman-group14-sha256,ext-info-s,kex-strict-s-v00@openssh.com
2025-12-22 01:00:28: Server Host Keys: rsa-sha2-512,rsa-sha2-256,ecdsa-sha2-nistp256,ssh-ed25519
2025-12-22 01:00:28: Chosen Host Key: ssh-ed25519
2025-12-22 01:00:28: Ciphers: chacha20-poly1305@openssh.com,aes128-ctr,aes192-ctr,aes256-ctr,aes128-gcm@openssh.com,aes256-gcm@openssh.com
2025-12-22 01:00:28: MACs: umac-64-etm@openssh.com,umac-128-etm@openssh.com,hmac-sha2-256-etm@openssh.com,hmac-sha2-512-etm@openssh.com,hmac-sha1-etm@openssh.com,umac-64@openssh.com,umac-128@openssh.com,hmac-sha2-256,hmac-sha2-512,hmac-sha1
2025-12-22 01:00:28: Auth: start: publickey
2025-12-22 01:00:28: Auth: start: publickey
2025-12-22 01:00:28: Auth: publickey: no keys available
2025-12-22 01:00:28: Auth: start: password
2025-12-22 01:00:28: Auth: publickey: no keys available
2025-12-22 01:00:28: Auth: start: password
2025-12-22 01:00:29: GsConnectAndSetRoot1 connected to sftp://os3-310-44666.vs.sakura.ne.jp/home/ubuntu/VPSsync/01-WorkspaceSync/modelica-shared/CustomLib/FluidSystemComponents
2025-12-22 01:00:29: GsConnectAndSetRoot1 connected to sftp://os3-310-44666.vs.sakura.ne.jp/home/ubuntu/VPSsync/01-WorkspaceSync/modelica-shared/CustomLib/FluidSystemComponents
2025-12-22 01:00:30: Copy Over 'C:/Users/grabacr/VPSsync/01-WorkspaceSync/modelica-shared/CustomLib/FluidSystemComponents/Compressible/Examples/Test/ObliqueShock00_ex01.mo' -> 'sftp://os3-310-44666.vs.sakura.ne.jp/home/ubuntu/VPSsync/01-WorkspaceSync/modelica-shared/CustomLib/FluidSystemComponents/Compressible/Examples/Test/ObliqueShock00_ex01.mo' (2,312)
2025-12-22 01:00:30: Copy Over 'C:/Users/grabacr/VPSsync/01-WorkspaceSync/modelica-shared/CustomLib/FluidSystemComponents/Compressible/Examples/Test/package.order' -> 'sftp://os3-310-44666.vs.sakura.ne.jp/home/ubuntu/VPSsync/01-WorkspaceSync/modelica-shared/CustomLib/FluidSystemComponents/Compressible/Examples/Test/package.order' (534)
2025-12-22 01:00:30: Save State File C:/Users/grabacr/VPSsync/01-WorkspaceSync/modelica-shared/CustomLib/FluidSystemComponents/_gsdata_/_file_state_v4._gs
2025-12-22 01:00:31: Save State File sftp://os3-310-44666.vs.sakura.ne.jp/home/ubuntu/VPSsync/01-WorkspaceSync/modelica-shared/CustomLib/FluidSystemComponents/_gsdata_/_file_state_v4._gs
2025-12-22 01:00:51: == Sync Complete. Time: 00:00:23, Speed: 2.73 KB/s, OK: 2, Errors: 0
